The system is: Linux - 3.10.0-957.12.2.el7.x86_64 - x86_64
Compiling the CXX compiler identification source file "CMakeCXXCompilerId.cpp" succeeded.
Compiler: /opt/scorec/spack/install/linux-rhel7-x86_64/gcc-7.3.0/mpich-3.3-diz4f6ieln25ouifyc7ndtqlfksom6nb/bin/mpicxx 
Build flags: -g;-O2
Id flags:  

The output was:
0


Compilation of the CXX compiler identification source "CMakeCXXCompilerId.cpp" produced "a.out"

The CXX compiler identification is GNU, found in "/lore/hur3/June_19/UpdateTcond/testAlternating/SurfaceUpdate/build/CMakeFiles/3.14.1/CompilerIdCXX/a.out"

Determining if the CXX compiler works passed with the following output:
Change Dir: /lore/hur3/June_19/UpdateTcond/testAlternating/SurfaceUpdate/build/CMakeFiles/CMakeTmp

Run Build Command(s):/usr/bin/gmake cmTC_e4b81/fast 
/usr/bin/gmake -f CMakeFiles/cmTC_e4b81.dir/build.make CMakeFiles/cmTC_e4b81.dir/build
gmake[1]: Entering directory `/lore/hur3/June_19/UpdateTcond/testAlternating/SurfaceUpdate/build/CMakeFiles/CMakeTmp'
Building CXX object CMakeFiles/cmTC_e4b81.dir/testCXXCompiler.cxx.o
/opt/scorec/spack/install/linux-rhel7-x86_64/gcc-7.3.0/mpich-3.3-diz4f6ieln25ouifyc7ndtqlfksom6nb/bin/mpicxx    -g -O2    -o CMakeFiles/cmTC_e4b81.dir/testCXXCompiler.cxx.o -c /lore/hur3/June_19/UpdateTcond/testAlternating/SurfaceUpdate/build/CMakeFiles/CMakeTmp/testCXXCompiler.cxx
Linking CXX executable cmTC_e4b81
/opt/scorec/spack/install/linux-rhel7-x86_64/gcc-7.3.0/cmake-3.14.1-hd7d4kuybh47lifmrxkywb2ybikrg4y3/bin/cmake -E cmake_link_script CMakeFiles/cmTC_e4b81.dir/link.txt --verbose=1
/opt/scorec/spack/install/linux-rhel7-x86_64/gcc-7.3.0/mpich-3.3-diz4f6ieln25ouifyc7ndtqlfksom6nb/bin/mpicxx  -g -O2     -rdynamic CMakeFiles/cmTC_e4b81.dir/testCXXCompiler.cxx.o  -o cmTC_e4b81 
gmake[1]: Leaving directory `/lore/hur3/June_19/UpdateTcond/testAlternating/SurfaceUpdate/build/CMakeFiles/CMakeTmp'


Detecting CXX compiler ABI info compiled with the following output:
Change Dir: /lore/hur3/June_19/UpdateTcond/testAlternating/SurfaceUpdate/build/CMakeFiles/CMakeTmp

Run Build Command(s):/usr/bin/gmake cmTC_45ac0/fast 
/usr/bin/gmake -f CMakeFiles/cmTC_45ac0.dir/build.make CMakeFiles/cmTC_45ac0.dir/build
gmake[1]: Entering directory `/lore/hur3/June_19/UpdateTcond/testAlternating/SurfaceUpdate/build/CMakeFiles/CMakeTmp'
Building CXX object CMakeFiles/cmTC_45ac0.dir/CMakeCXXCompilerABI.cpp.o
/opt/scorec/spack/install/linux-rhel7-x86_64/gcc-7.3.0/mpich-3.3-diz4f6ieln25ouifyc7ndtqlfksom6nb/bin/mpicxx    -g -O2    -v -o CMakeFiles/cmTC_45ac0.dir/CMakeCXXCompilerABI.cpp.o -c /opt/scorec/spack/install/linux-rhel7-x86_64/gcc-7.3.0/cmake-3.14.1-hd7d4kuybh47lifmrxkywb2ybikrg4y3/share/cmake-3.14/Modules/CMakeCXXCompilerABI.cpp
mpicxx for MPICH version 3.3
Reading specs from /opt/scorec/spack/install/linux-rhel7-x86_64/gcc-rhel7_4.8.5/gcc-7.3.0-bt47fwrzijla4xzdx4o4au45yljqptsk/lib/gcc/x86_64-pc-linux-gnu/7.3.0/specs
COLLECT_GCC=/opt/scorec/spack/install/linux-rhel7-x86_64/gcc-rhel7_4.8.5/gcc-7.3.0-bt47fwrzijla4xzdx4o4au45yljqptsk/bin/g++
Target: x86_64-pc-linux-gnu
Configured with: /opt/scorec/spack/spack/var/spack/stage/gcc-7.3.0-bt47fwrzijla4xzdx4o4au45yljqptsk/gcc-7.3.0/configure --prefix=/opt/scorec/spack/install/linux-rhel7-x86_64/gcc-rhel7_4.8.5/gcc-7.3.0-bt47fwrzijla4xzdx4o4au45yljqptsk --disable-multilib --enable-languages=c,c++,fortran --with-mpfr=/opt/scorec/spack/install/linux-rhel7-x86_64/gcc-rhel7_4.8.5/mpfr-4.0.1-lzdszay7hxxntcneq4jxlz5x7ow23xb3 --with-gmp=/opt/scorec/spack/install/linux-rhel7-x86_64/gcc-rhel7_4.8.5/gmp-6.1.2-pv3gypksdjjhabc7glloagdmche35e4o --enable-lto --with-quad --with-system-zlib --with-mpc=/opt/scorec/spack/install/linux-rhel7-x86_64/gcc-rhel7_4.8.5/mpc-1.1.0-spmfkhhkdvcyurgbjxgwm7d5jfoow6bd --with-isl=/opt/scorec/spack/install/linux-rhel7-x86_64/gcc-rhel7_4.8.5/isl-0.19-rvu5tnwdigpaqusb4uxs5htj36r6zb2m
Thread model: posix
gcc version 7.3.0 (GCC) 
COLLECT_GCC_OPTIONS='-g' '-O2' '-v' '-o' 'CMakeFiles/cmTC_45ac0.dir/CMakeCXXCompilerABI.cpp.o' '-c' '-I' '/opt/scorec/spack/install/linux-rhel7-x86_64/gcc-7.3.0/mpich-3.3-diz4f6ieln25ouifyc7ndtqlfksom6nb/include' '-shared-libgcc' '-mtune=generic' '-march=x86-64'
 /opt/scorec/spack/install/linux-rhel7-x86_64/gcc-rhel7_4.8.5/gcc-7.3.0-bt47fwrzijla4xzdx4o4au45yljqptsk/libexec/gcc/x86_64-pc-linux-gnu/7.3.0/cc1plus -quiet -v -I /opt/scorec/spack/install/linux-rhel7-x86_64/gcc-7.3.0/mpich-3.3-diz4f6ieln25ouifyc7ndtqlfksom6nb/include -D_GNU_SOURCE /opt/scorec/spack/install/linux-rhel7-x86_64/gcc-7.3.0/cmake-3.14.1-hd7d4kuybh47lifmrxkywb2ybikrg4y3/share/cmake-3.14/Modules/CMakeCXXCompilerABI.cpp -quiet -dumpbase CMakeCXXCompilerABI.cpp -mtune=generic -march=x86-64 -auxbase-strip CMakeFiles/cmTC_45ac0.dir/CMakeCXXCompilerABI.cpp.o -g -O2 -version -o /tmp/ccabhsuS.s
GNU C++14 (GCC) version 7.3.0 (x86_64-pc-linux-gnu)
	compiled by GNU C version 7.3.0, GMP version 6.1.2, MPFR version 4.0.1, MPC version 1.1.0, isl version isl-0.19-GMP

GGC heuristics: --param ggc-min-expand=100 --param ggc-min-heapsize=131072
ignoring nonexistent directory "/opt/scorec/spack/install/linux-rhel7-x86_64/gcc-rhel7_4.8.5/gcc-7.3.0-bt47fwrzijla4xzdx4o4au45yljqptsk/lib/gcc/x86_64-pc-linux-gnu/7.3.0/../../../../x86_64-pc-linux-gnu/include"
ignoring duplicate directory "/opt/scorec/spack/install/linux-rhel7-x86_64/gcc-7.3.0/mpich-3.3-diz4f6ieln25ouifyc7ndtqlfksom6nb/include"
ignoring duplicate directory "/opt/scorec/spack/install/linux-rhel7-x86_64/gcc-rhel7_4.8.5/gcc-7.3.0-bt47fwrzijla4xzdx4o4au45yljqptsk/include"
  as it is a non-system directory that duplicates a system directory
#include "..." search starts here:
#include <...> search starts here:
 /opt/scorec/spack/install/linux-rhel7-x86_64/gcc-7.3.0/mpich-3.3-diz4f6ieln25ouifyc7ndtqlfksom6nb/include
 /opt/scorec/spack/install/linux-rhel7-x86_64/gcc-7.3.0/pumi-develop-tml2cn2zjfnhdpmhydt2mf22rkb3fgud/include
 /opt/scorec/spack/install/linux-rhel7-x86_64/gcc-7.3.0/simmetrix-simmodsuite-12.0-190413-b3rjhyete24lzvt2dlc3xbk76p53laxi/include
 /opt/scorec/spack/install/linux-rhel7-x86_64/gcc-7.3.0/netcdf-4.6.3-n6uagsdaydnxskwuhgjsvnmp6bddod7s/include
 /opt/scorec/spack/install/linux-rhel7-x86_64/gcc-7.3.0/hdf5-1.10.5-fzrgrkhwelzwg2u662bocxmbelaqe5lp/include
 /opt/scorec/spack/install/linux-rhel7-x86_64/gcc-7.3.0/zoltan-3.83-gx3prjrefsxj7yq23lgluflkjd2qixci/include
 /opt/scorec/spack/install/linux-rhel7-x86_64/gcc-7.3.0/parmetis-4.0.3-iqptmd22kibq7j4txrvy4u6knhhn5ge2/include
 /opt/scorec/spack/install/linux-rhel7-x86_64/gcc-7.3.0/boost-1.69.0-sdetzl5m3afzwlyvrmvlfqeqwecczrvw/include
 /opt/scorec/spack/install/linux-rhel7-x86_64/gcc-7.3.0/openblas-0.3.5-7miavkpfij3m35htbo6sabiobj5euoeb/include
 /opt/scorec/spack/install/linux-rhel7-x86_64/gcc-7.3.0/libiconv-1.15-hwi4p6xjukf73hopk6sg34z6v57fbghx/include
 /opt/scorec/spack/install/linux-rhel7-x86_64/gcc-7.3.0/libpciaccess-0.13.5-gcqhf4ksz5ndlmj5aoydcpexg3sizi4s/include
 /opt/scorec/spack/install/linux-rhel7-x86_64/gcc-7.3.0/libxml2-2.9.8-hcsmz5fu7cm7tfbx73f2o2xgo52wgtwt/include
 /opt/scorec/spack/install/linux-rhel7-x86_64/gcc-7.3.0/metis-5.1.0-rn7k363kqpvbznmxb3jkkejwjcgfqpyu/include
 /opt/scorec/spack/install/linux-rhel7-x86_64/gcc-7.3.0/zlib-1.2.11-ypve67owtmigrrbz3b76gg66xvihmhmx/include
 /opt/scorec/toolworks/totalview.8.15.7-6/include
 /opt/scorec/spack/install/linux-rhel7-x86_64/gcc-rhel7_4.8.5/gcc-7.3.0-bt47fwrzijla4xzdx4o4au45yljqptsk/lib/gcc/x86_64-pc-linux-gnu/7.3.0/../../../../include/c++/7.3.0
 /opt/scorec/spack/install/linux-rhel7-x86_64/gcc-rhel7_4.8.5/gcc-7.3.0-bt47fwrzijla4xzdx4o4au45yljqptsk/lib/gcc/x86_64-pc-linux-gnu/7.3.0/../../../../include/c++/7.3.0/x86_64-pc-linux-gnu
 /opt/scorec/spack/install/linux-rhel7-x86_64/gcc-rhel7_4.8.5/gcc-7.3.0-bt47fwrzijla4xzdx4o4au45yljqptsk/lib/gcc/x86_64-pc-linux-gnu/7.3.0/../../../../include/c++/7.3.0/backward
 /opt/scorec/spack/install/linux-rhel7-x86_64/gcc-rhel7_4.8.5/gcc-7.3.0-bt47fwrzijla4xzdx4o4au45yljqptsk/lib/gcc/x86_64-pc-linux-gnu/7.3.0/include
 /usr/local/include
 /opt/scorec/spack/install/linux-rhel7-x86_64/gcc-rhel7_4.8.5/gcc-7.3.0-bt47fwrzijla4xzdx4o4au45yljqptsk/include
 /opt/scorec/spack/install/linux-rhel7-x86_64/gcc-rhel7_4.8.5/gcc-7.3.0-bt47fwrzijla4xzdx4o4au45yljqptsk/lib/gcc/x86_64-pc-linux-gnu/7.3.0/include-fixed
 /usr/include
End of search list.
GNU C++14 (GCC) version 7.3.0 (x86_64-pc-linux-gnu)
	compiled by GNU C version 7.3.0, GMP version 6.1.2, MPFR version 4.0.1, MPC version 1.1.0, isl version isl-0.19-GMP

GGC heuristics: --param ggc-min-expand=100 --param ggc-min-heapsize=131072
Compiler executable checksum: 486f8b71fe5541c5872085723255754d
COLLECT_GCC_OPTIONS='-g' '-O2' '-v' '-o' 'CMakeFiles/cmTC_45ac0.dir/CMakeCXXCompilerABI.cpp.o' '-c' '-I' '/opt/scorec/spack/install/linux-rhel7-x86_64/gcc-7.3.0/mpich-3.3-diz4f6ieln25ouifyc7ndtqlfksom6nb/include' '-shared-libgcc' '-mtune=generic' '-march=x86-64'
 as -v -I /opt/scorec/spack/install/linux-rhel7-x86_64/gcc-7.3.0/mpich-3.3-diz4f6ieln25ouifyc7ndtqlfksom6nb/include --64 -o CMakeFiles/cmTC_45ac0.dir/CMakeCXXCompilerABI.cpp.o /tmp/ccabhsuS.s
GNU assembler version 2.27 (x86_64-redhat-linux) using BFD version version 2.27-34.base.el7
COMPILER_PATH=/opt/scorec/spack/install/linux-rhel7-x86_64/gcc-rhel7_4.8.5/gcc-7.3.0-bt47fwrzijla4xzdx4o4au45yljqptsk/libexec/gcc/x86_64-pc-linux-gnu/7.3.0/:/opt/scorec/spack/install/linux-rhel7-x86_64/gcc-rhel7_4.8.5/gcc-7.3.0-bt47fwrzijla4xzdx4o4au45yljqptsk/libexec/gcc/x86_64-pc-linux-gnu/7.3.0/:/opt/scorec/spack/install/linux-rhel7-x86_64/gcc-rhel7_4.8.5/gcc-7.3.0-bt47fwrzijla4xzdx4o4au45yljqptsk/libexec/gcc/x86_64-pc-linux-gnu/:/opt/scorec/spack/install/linux-rhel7-x86_64/gcc-rhel7_4.8.5/gcc-7.3.0-bt47fwrzijla4xzdx4o4au45yljqptsk/lib/gcc/x86_64-pc-linux-gnu/7.3.0/:/opt/scorec/spack/install/linux-rhel7-x86_64/gcc-rhel7_4.8.5/gcc-7.3.0-bt47fwrzijla4xzdx4o4au45yljqptsk/lib/gcc/x86_64-pc-linux-gnu/
LIBRARY_PATH=/opt/scorec/spack/install/linux-rhel7-x86_64/gcc-rhel7_4.8.5/gcc-7.3.0-bt47fwrzijla4xzdx4o4au45yljqptsk/lib64/../lib64/:/opt/scorec/spack/install/linux-rhel7-x86_64/gcc-rhel7_4.8.5/gcc-7.3.0-bt47fwrzijla4xzdx4o4au45yljqptsk/lib/../lib64/:/opt/scorec/spack/install/linux-rhel7-x86_64/gcc-rhel7_4.8.5/gcc-7.3.0-bt47fwrzijla4xzdx4o4au45yljqptsk/lib/gcc/x86_64-pc-linux-gnu/7.3.0/:/opt/scorec/spack/install/linux-rhel7-x86_64/gcc-rhel7_4.8.5/gcc-7.3.0-bt47fwrzijla4xzdx4o4au45yljqptsk/lib/gcc/x86_64-pc-linux-gnu/7.3.0/../../../../lib64/:/lib/../lib64/:/usr/lib/../lib64/:/opt/scorec/spack/install/linux-rhel7-x86_64/gcc-7.3.0/pumi-develop-tml2cn2zjfnhdpmhydt2mf22rkb3fgud/lib/:/opt/scorec/spack/install/linux-rhel7-x86_64/gcc-7.3.0/simmetrix-simmodsuite-12.0-190413-b3rjhyete24lzvt2dlc3xbk76p53laxi/lib/:/opt/scorec/spack/install/linux-rhel7-x86_64/gcc-7.3.0/netcdf-4.6.3-n6uagsdaydnxskwuhgjsvnmp6bddod7s/lib/:/opt/scorec/spack/install/linux-rhel7-x86_64/gcc-7.3.0/hdf5-1.10.5-fzrgrkhwelzwg2u662bocxmbelaqe5lp/lib/:/opt/scorec/spack/install/linux-rhel7-x86_64/gcc-7.3.0/zoltan-3.83-gx3prjrefsxj7yq23lgluflkjd2qixci/lib/:/opt/scorec/spack/install/linux-rhel7-x86_64/gcc-7.3.0/parmetis-4.0.3-iqptmd22kibq7j4txrvy4u6knhhn5ge2/lib/:/opt/scorec/spack/install/linux-rhel7-x86_64/gcc-7.3.0/mpich-3.3-diz4f6ieln25ouifyc7ndtqlfksom6nb/lib/:/opt/scorec/spack/install/linux-rhel7-x86_64/gcc-7.3.0/boost-1.69.0-sdetzl5m3afzwlyvrmvlfqeqwecczrvw/lib/:/opt/scorec/spack/install/linux-rhel7-x86_64/gcc-7.3.0/openblas-0.3.5-7miavkpfij3m35htbo6sabiobj5euoeb/lib/:/opt/scorec/spack/install/linux-rhel7-x86_64/gcc-7.3.0/libiconv-1.15-hwi4p6xjukf73hopk6sg34z6v57fbghx/lib/:/opt/scorec/spack/install/linux-rhel7-x86_64/gcc-7.3.0/libpciaccess-0.13.5-gcqhf4ksz5ndlmj5aoydcpexg3sizi4s/lib/:/opt/scorec/spack/install/linux-rhel7-x86_64/gcc-7.3.0/libxml2-2.9.8-hcsmz5fu7cm7tfbx73f2o2xgo52wgtwt/lib/:/opt/scorec/spack/install/linux-rhel7-x86_64/gcc-7.3.0/metis-5.1.0-rn7k363kqpvbznmxb3jkkejwjcgfqpyu/lib/:/opt/scorec/spack/install/linux-rhel7-x86_64/gcc-7.3.0/zlib-1.2.11-ypve67owtmigrrbz3b76gg66xvihmhmx/lib/:/opt/scorec/spack/install/linux-rhel7-x86_64/gcc-rhel7_4.8.5/gcc-7.3.0-bt47fwrzijla4xzdx4o4au45yljqptsk/lib64/:/opt/scorec/spack/install/linux-rhel7-x86_64/gcc-rhel7_4.8.5/gcc-7.3.0-bt47fwrzijla4xzdx4o4au45yljqptsk/lib/:/opt/scorec/spack/install/linux-rhel7-x86_64/gcc-rhel7_4.8.5/gcc-7.3.0-bt47fwrzijla4xzdx4o4au45yljqptsk/lib/gcc/x86_64-pc-linux-gnu/7.3.0/../../../:/lib/:/usr/lib/
COLLECT_GCC_OPTIONS='-g' '-O2' '-v' '-o' 'CMakeFiles/cmTC_45ac0.dir/CMakeCXXCompilerABI.cpp.o' '-c' '-I' '/opt/scorec/spack/install/linux-rhel7-x86_64/gcc-7.3.0/mpich-3.3-diz4f6ieln25ouifyc7ndtqlfksom6nb/include' '-shared-libgcc' '-mtune=generic' '-march=x86-64'
Linking CXX executable cmTC_45ac0
/opt/scorec/spack/install/linux-rhel7-x86_64/gcc-7.3.0/cmake-3.14.1-hd7d4kuybh47lifmrxkywb2ybikrg4y3/bin/cmake -E cmake_link_script CMakeFiles/cmTC_45ac0.dir/link.txt --verbose=1
/opt/scorec/spack/install/linux-rhel7-x86_64/gcc-7.3.0/mpich-3.3-diz4f6ieln25ouifyc7ndtqlfksom6nb/bin/mpicxx  -g -O2    -v -rdynamic CMakeFiles/cmTC_45ac0.dir/CMakeCXXCompilerABI.cpp.o  -o cmTC_45ac0 
mpicxx for MPICH version 3.3
Reading specs from /opt/scorec/spack/install/linux-rhel7-x86_64/gcc-rhel7_4.8.5/gcc-7.3.0-bt47fwrzijla4xzdx4o4au45yljqptsk/lib/gcc/x86_64-pc-linux-gnu/7.3.0/specs
COLLECT_GCC=/opt/scorec/spack/install/linux-rhel7-x86_64/gcc-rhel7_4.8.5/gcc-7.3.0-bt47fwrzijla4xzdx4o4au45yljqptsk/bin/g++
COLLECT_LTO_WRAPPER=/opt/scorec/spack/install/linux-rhel7-x86_64/gcc-rhel7_4.8.5/gcc-7.3.0-bt47fwrzijla4xzdx4o4au45yljqptsk/libexec/gcc/x86_64-pc-linux-gnu/7.3.0/lto-wrapper
Target: x86_64-pc-linux-gnu
Configured with: /opt/scorec/spack/spack/var/spack/stage/gcc-7.3.0-bt47fwrzijla4xzdx4o4au45yljqptsk/gcc-7.3.0/configure --prefix=/opt/scorec/spack/install/linux-rhel7-x86_64/gcc-rhel7_4.8.5/gcc-7.3.0-bt47fwrzijla4xzdx4o4au45yljqptsk --disable-multilib --enable-languages=c,c++,fortran --with-mpfr=/opt/scorec/spack/install/linux-rhel7-x86_64/gcc-rhel7_4.8.5/mpfr-4.0.1-lzdszay7hxxntcneq4jxlz5x7ow23xb3 --with-gmp=/opt/scorec/spack/install/linux-rhel7-x86_64/gcc-rhel7_4.8.5/gmp-6.1.2-pv3gypksdjjhabc7glloagdmche35e4o --enable-lto --with-quad --with-system-zlib --with-mpc=/opt/scorec/spack/install/linux-rhel7-x86_64/gcc-rhel7_4.8.5/mpc-1.1.0-spmfkhhkdvcyurgbjxgwm7d5jfoow6bd --with-isl=/opt/scorec/spack/install/linux-rhel7-x86_64/gcc-rhel7_4.8.5/isl-0.19-rvu5tnwdigpaqusb4uxs5htj36r6zb2m
Thread model: posix
gcc version 7.3.0 (GCC) 
COMPILER_PATH=/opt/scorec/spack/install/linux-rhel7-x86_64/gcc-rhel7_4.8.5/gcc-7.3.0-bt47fwrzijla4xzdx4o4au45yljqptsk/libexec/gcc/x86_64-pc-linux-gnu/7.3.0/:/opt/scorec/spack/install/linux-rhel7-x86_64/gcc-rhel7_4.8.5/gcc-7.3.0-bt47fwrzijla4xzdx4o4au45yljqptsk/libexec/gcc/x86_64-pc-linux-gnu/7.3.0/:/opt/scorec/spack/install/linux-rhel7-x86_64/gcc-rhel7_4.8.5/gcc-7.3.0-bt47fwrzijla4xzdx4o4au45yljqptsk/libexec/gcc/x86_64-pc-linux-gnu/:/opt/scorec/spack/install/linux-rhel7-x86_64/gcc-rhel7_4.8.5/gcc-7.3.0-bt47fwrzijla4xzdx4o4au45yljqptsk/lib/gcc/x86_64-pc-linux-gnu/7.3.0/:/opt/scorec/spack/install/linux-rhel7-x86_64/gcc-rhel7_4.8.5/gcc-7.3.0-bt47fwrzijla4xzdx4o4au45yljqptsk/lib/gcc/x86_64-pc-linux-gnu/
LIBRARY_PATH=/opt/scorec/spack/install/linux-rhel7-x86_64/gcc-rhel7_4.8.5/gcc-7.3.0-bt47fwrzijla4xzdx4o4au45yljqptsk/lib64/../lib64/:/opt/scorec/spack/install/linux-rhel7-x86_64/gcc-rhel7_4.8.5/gcc-7.3.0-bt47fwrzijla4xzdx4o4au45yljqptsk/lib/../lib64/:/opt/scorec/spack/install/linux-rhel7-x86_64/gcc-rhel7_4.8.5/gcc-7.3.0-bt47fwrzijla4xzdx4o4au45yljqptsk/lib/gcc/x86_64-pc-linux-gnu/7.3.0/:/opt/scorec/spack/install/linux-rhel7-x86_64/gcc-rhel7_4.8.5/gcc-7.3.0-bt47fwrzijla4xzdx4o4au45yljqptsk/lib/gcc/x86_64-pc-linux-gnu/7.3.0/../../../../lib64/:/lib/../lib64/:/usr/lib/../lib64/:/opt/scorec/spack/install/linux-rhel7-x86_64/gcc-7.3.0/pumi-develop-tml2cn2zjfnhdpmhydt2mf22rkb3fgud/lib/:/opt/scorec/spack/install/linux-rhel7-x86_64/gcc-7.3.0/simmetrix-simmodsuite-12.0-190413-b3rjhyete24lzvt2dlc3xbk76p53laxi/lib/:/opt/scorec/spack/install/linux-rhel7-x86_64/gcc-7.3.0/netcdf-4.6.3-n6uagsdaydnxskwuhgjsvnmp6bddod7s/lib/:/opt/scorec/spack/install/linux-rhel7-x86_64/gcc-7.3.0/hdf5-1.10.5-fzrgrkhwelzwg2u662bocxmbelaqe5lp/lib/:/opt/scorec/spack/install/linux-rhel7-x86_64/gcc-7.3.0/zoltan-3.83-gx3prjrefsxj7yq23lgluflkjd2qixci/lib/:/opt/scorec/spack/install/linux-rhel7-x86_64/gcc-7.3.0/parmetis-4.0.3-iqptmd22kibq7j4txrvy4u6knhhn5ge2/lib/:/opt/scorec/spack/install/linux-rhel7-x86_64/gcc-7.3.0/mpich-3.3-diz4f6ieln25ouifyc7ndtqlfksom6nb/lib/:/opt/scorec/spack/install/linux-rhel7-x86_64/gcc-7.3.0/boost-1.69.0-sdetzl5m3afzwlyvrmvlfqeqwecczrvw/lib/:/opt/scorec/spack/install/linux-rhel7-x86_64/gcc-7.3.0/openblas-0.3.5-7miavkpfij3m35htbo6sabiobj5euoeb/lib/:/opt/scorec/spack/install/linux-rhel7-x86_64/gcc-7.3.0/libiconv-1.15-hwi4p6xjukf73hopk6sg34z6v57fbghx/lib/:/opt/scorec/spack/install/linux-rhel7-x86_64/gcc-7.3.0/libpciaccess-0.13.5-gcqhf4ksz5ndlmj5aoydcpexg3sizi4s/lib/:/opt/scorec/spack/install/linux-rhel7-x86_64/gcc-7.3.0/libxml2-2.9.8-hcsmz5fu7cm7tfbx73f2o2xgo52wgtwt/lib/:/opt/scorec/spack/install/linux-rhel7-x86_64/gcc-7.3.0/metis-5.1.0-rn7k363kqpvbznmxb3jkkejwjcgfqpyu/lib/:/opt/scorec/spack/install/linux-rhel7-x86_64/gcc-7.3.0/zlib-1.2.11-ypve67owtmigrrbz3b76gg66xvihmhmx/lib/:/opt/scorec/spack/install/linux-rhel7-x86_64/gcc-rhel7_4.8.5/gcc-7.3.0-bt47fwrzijla4xzdx4o4au45yljqptsk/lib64/:/opt/scorec/spack/install/linux-rhel7-x86_64/gcc-rhel7_4.8.5/gcc-7.3.0-bt47fwrzijla4xzdx4o4au45yljqptsk/lib/:/opt/scorec/spack/install/linux-rhel7-x86_64/gcc-rhel7_4.8.5/gcc-7.3.0-bt47fwrzijla4xzdx4o4au45yljqptsk/lib/gcc/x86_64-pc-linux-gnu/7.3.0/../../../:/lib/:/usr/lib/
COLLECT_GCC_OPTIONS='-g' '-O2' '-v' '-rdynamic' '-o' 'cmTC_45ac0' '-I' '/opt/scorec/spack/install/linux-rhel7-x86_64/gcc-7.3.0/mpich-3.3-diz4f6ieln25ouifyc7ndtqlfksom6nb/include' '-L/opt/scorec/spack/install/linux-rhel7-x86_64/gcc-7.3.0/mpich-3.3-diz4f6ieln25ouifyc7ndtqlfksom6nb/lib' '-shared-libgcc' '-mtune=generic' '-march=x86-64'
 /opt/scorec/spack/install/linux-rhel7-x86_64/gcc-rhel7_4.8.5/gcc-7.3.0-bt47fwrzijla4xzdx4o4au45yljqptsk/libexec/gcc/x86_64-pc-linux-gnu/7.3.0/collect2 -plugin /opt/scorec/spack/install/linux-rhel7-x86_64/gcc-rhel7_4.8.5/gcc-7.3.0-bt47fwrzijla4xzdx4o4au45yljqptsk/libexec/gcc/x86_64-pc-linux-gnu/7.3.0/liblto_plugin.so -plugin-opt=/opt/scorec/spack/install/linux-rhel7-x86_64/gcc-rhel7_4.8.5/gcc-7.3.0-bt47fwrzijla4xzdx4o4au45yljqptsk/libexec/gcc/x86_64-pc-linux-gnu/7.3.0/lto-wrapper -plugin-opt=-fresolution=/tmp/ccx4wE6W.res -plugin-opt=-pass-through=-lgcc_s -plugin-opt=-pass-through=-lgcc -plugin-opt=-pass-through=-lc -plugin-opt=-pass-through=-lgcc_s -plugin-opt=-pass-through=-lgcc -rpath /opt/scorec/spack/install/linux-rhel7-x86_64/gcc-rhel7_4.8.5/gcc-7.3.0-bt47fwrzijla4xzdx4o4au45yljqptsk/lib:/opt/scorec/spack/install/linux-rhel7-x86_64/gcc-rhel7_4.8.5/gcc-7.3.0-bt47fwrzijla4xzdx4o4au45yljqptsk/lib64 --eh-frame-hdr -m elf_x86_64 -export-dynamic -dynamic-linker /lib64/ld-linux-x86-64.so.2 -o cmTC_45ac0 /lib/../lib64/crt1.o /lib/../lib64/crti.o /opt/scorec/spack/install/linux-rhel7-x86_64/gcc-rhel7_4.8.5/gcc-7.3.0-bt47fwrzijla4xzdx4o4au45yljqptsk/lib/gcc/x86_64-pc-linux-gnu/7.3.0/crtbegin.o -L/opt/scorec/spack/install/linux-rhel7-x86_64/gcc-7.3.0/mpich-3.3-diz4f6ieln25ouifyc7ndtqlfksom6nb/lib -L/opt/scorec/spack/install/linux-rhel7-x86_64/gcc-rhel7_4.8.5/gcc-7.3.0-bt47fwrzijla4xzdx4o4au45yljqptsk/lib64/../lib64 -L/opt/scorec/spack/install/linux-rhel7-x86_64/gcc-rhel7_4.8.5/gcc-7.3.0-bt47fwrzijla4xzdx4o4au45yljqptsk/lib/../lib64 -L/opt/scorec/spack/install/linux-rhel7-x86_64/gcc-rhel7_4.8.5/gcc-7.3.0-bt47fwrzijla4xzdx4o4au45yljqptsk/lib/gcc/x86_64-pc-linux-gnu/7.3.0 -L/opt/scorec/spack/install/linux-rhel7-x86_64/gcc-rhel7_4.8.5/gcc-7.3.0-bt47fwrzijla4xzdx4o4au45yljqptsk/lib/gcc/x86_64-pc-linux-gnu/7.3.0/../../../../lib64 -L/lib/../lib64 -L/usr/lib/../lib64 -L/opt/scorec/spack/install/linux-rhel7-x86_64/gcc-7.3.0/pumi-develop-tml2cn2zjfnhdpmhydt2mf22rkb3fgud/lib -L/opt/scorec/spack/install/linux-rhel7-x86_64/gcc-7.3.0/simmetrix-simmodsuite-12.0-190413-b3rjhyete24lzvt2dlc3xbk76p53laxi/lib -L/opt/scorec/spack/install/linux-rhel7-x86_64/gcc-7.3.0/netcdf-4.6.3-n6uagsdaydnxskwuhgjsvnmp6bddod7s/lib -L/opt/scorec/spack/install/linux-rhel7-x86_64/gcc-7.3.0/hdf5-1.10.5-fzrgrkhwelzwg2u662bocxmbelaqe5lp/lib -L/opt/scorec/spack/install/linux-rhel7-x86_64/gcc-7.3.0/zoltan-3.83-gx3prjrefsxj7yq23lgluflkjd2qixci/lib -L/opt/scorec/spack/install/linux-rhel7-x86_64/gcc-7.3.0/parmetis-4.0.3-iqptmd22kibq7j4txrvy4u6knhhn5ge2/lib -L/opt/scorec/spack/install/linux-rhel7-x86_64/gcc-7.3.0/mpich-3.3-diz4f6ieln25ouifyc7ndtqlfksom6nb/lib -L/opt/scorec/spack/install/linux-rhel7-x86_64/gcc-7.3.0/boost-1.69.0-sdetzl5m3afzwlyvrmvlfqeqwecczrvw/lib -L/opt/scorec/spack/install/linux-rhel7-x86_64/gcc-7.3.0/openblas-0.3.5-7miavkpfij3m35htbo6sabiobj5euoeb/lib -L/opt/scorec/spack/install/linux-rhel7-x86_64/gcc-7.3.0/libiconv-1.15-hwi4p6xjukf73hopk6sg34z6v57fbghx/lib -L/opt/scorec/spack/install/linux-rhel7-x86_64/gcc-7.3.0/libpciaccess-0.13.5-gcqhf4ksz5ndlmj5aoydcpexg3sizi4s/lib -L/opt/scorec/spack/install/linux-rhel7-x86_64/gcc-7.3.0/libxml2-2.9.8-hcsmz5fu7cm7tfbx73f2o2xgo52wgtwt/lib -L/opt/scorec/spack/install/linux-rhel7-x86_64/gcc-7.3.0/metis-5.1.0-rn7k363kqpvbznmxb3jkkejwjcgfqpyu/lib -L/opt/scorec/spack/install/linux-rhel7-x86_64/gcc-7.3.0/zlib-1.2.11-ypve67owtmigrrbz3b76gg66xvihmhmx/lib -L/opt/scorec/spack/install/linux-rhel7-x86_64/gcc-rhel7_4.8.5/gcc-7.3.0-bt47fwrzijla4xzdx4o4au45yljqptsk/lib64 -L/opt/scorec/spack/install/linux-rhel7-x86_64/gcc-rhel7_4.8.5/gcc-7.3.0-bt47fwrzijla4xzdx4o4au45yljqptsk/lib -L/opt/scorec/spack/install/linux-rhel7-x86_64/gcc-rhel7_4.8.5/gcc-7.3.0-bt47fwrzijla4xzdx4o4au45yljqptsk/lib/gcc/x86_64-pc-linux-gnu/7.3.0/../../.. CMakeFiles/cmTC_45ac0.dir/CMakeCXXCompilerABI.cpp.o -lmpicxx -rpath /opt/scorec/spack/install/linux-rhel7-x86_64/gcc-7.3.0/mpich-3.3-diz4f6ieln25ouifyc7ndtqlfksom6nb/lib -lmpi -lstdc++ -lm -lgcc_s -lgcc -lc -lgcc_s -lgcc /opt/scorec/spack/install/linux-rhel7-x86_64/gcc-rhel7_4.8.5/gcc-7.3.0-bt47fwrzijla4xzdx4o4au45yljqptsk/lib/gcc/x86_64-pc-linux-gnu/7.3.0/crtend.o /lib/../lib64/crtn.o
COLLECT_GCC_OPTIONS='-g' '-O2' '-v' '-rdynamic' '-o' 'cmTC_45ac0' '-I' '/opt/scorec/spack/install/linux-rhel7-x86_64/gcc-7.3.0/mpich-3.3-diz4f6ieln25ouifyc7ndtqlfksom6nb/include' '-L/opt/scorec/spack/install/linux-rhel7-x86_64/gcc-7.3.0/mpich-3.3-diz4f6ieln25ouifyc7ndtqlfksom6nb/lib' '-shared-libgcc' '-mtune=generic' '-march=x86-64'
gmake[1]: Leaving directory `/lore/hur3/June_19/UpdateTcond/testAlternating/SurfaceUpdate/build/CMakeFiles/CMakeTmp'


Parsed CXX implicit include dir info from above output: rv=done
  found start of include info
  found start of implicit include info
    add: [/opt/scorec/spack/install/linux-rhel7-x86_64/gcc-7.3.0/mpich-3.3-diz4f6ieln25ouifyc7ndtqlfksom6nb/include]
    add: [/opt/scorec/spack/install/linux-rhel7-x86_64/gcc-7.3.0/pumi-develop-tml2cn2zjfnhdpmhydt2mf22rkb3fgud/include]
    add: [/opt/scorec/spack/install/linux-rhel7-x86_64/gcc-7.3.0/simmetrix-simmodsuite-12.0-190413-b3rjhyete24lzvt2dlc3xbk76p53laxi/include]
    add: [/opt/scorec/spack/install/linux-rhel7-x86_64/gcc-7.3.0/netcdf-4.6.3-n6uagsdaydnxskwuhgjsvnmp6bddod7s/include]
    add: [/opt/scorec/spack/install/linux-rhel7-x86_64/gcc-7.3.0/hdf5-1.10.5-fzrgrkhwelzwg2u662bocxmbelaqe5lp/include]
    add: [/opt/scorec/spack/install/linux-rhel7-x86_64/gcc-7.3.0/zoltan-3.83-gx3prjrefsxj7yq23lgluflkjd2qixci/include]
    add: [/opt/scorec/spack/install/linux-rhel7-x86_64/gcc-7.3.0/parmetis-4.0.3-iqptmd22kibq7j4txrvy4u6knhhn5ge2/include]
    add: [/opt/scorec/spack/install/linux-rhel7-x86_64/gcc-7.3.0/boost-1.69.0-sdetzl5m3afzwlyvrmvlfqeqwecczrvw/include]
    add: [/opt/scorec/spack/install/linux-rhel7-x86_64/gcc-7.3.0/openblas-0.3.5-7miavkpfij3m35htbo6sabiobj5euoeb/include]
    add: [/opt/scorec/spack/install/linux-rhel7-x86_64/gcc-7.3.0/libiconv-1.15-hwi4p6xjukf73hopk6sg34z6v57fbghx/include]
    add: [/opt/scorec/spack/install/linux-rhel7-x86_64/gcc-7.3.0/libpciaccess-0.13.5-gcqhf4ksz5ndlmj5aoydcpexg3sizi4s/include]
    add: [/opt/scorec/spack/install/linux-rhel7-x86_64/gcc-7.3.0/libxml2-2.9.8-hcsmz5fu7cm7tfbx73f2o2xgo52wgtwt/include]
    add: [/opt/scorec/spack/install/linux-rhel7-x86_64/gcc-7.3.0/metis-5.1.0-rn7k363kqpvbznmxb3jkkejwjcgfqpyu/include]
    add: [/opt/scorec/spack/install/linux-rhel7-x86_64/gcc-7.3.0/zlib-1.2.11-ypve67owtmigrrbz3b76gg66xvihmhmx/include]
    add: [/opt/scorec/toolworks/totalview.8.15.7-6/include]
    add: [/opt/scorec/spack/install/linux-rhel7-x86_64/gcc-rhel7_4.8.5/gcc-7.3.0-bt47fwrzijla4xzdx4o4au45yljqptsk/lib/gcc/x86_64-pc-linux-gnu/7.3.0/../../../../include/c++/7.3.0]
    add: [/opt/scorec/spack/install/linux-rhel7-x86_64/gcc-rhel7_4.8.5/gcc-7.3.0-bt47fwrzijla4xzdx4o4au45yljqptsk/lib/gcc/x86_64-pc-linux-gnu/7.3.0/../../../../include/c++/7.3.0/x86_64-pc-linux-gnu]
    add: [/opt/scorec/spack/install/linux-rhel7-x86_64/gcc-rhel7_4.8.5/gcc-7.3.0-bt47fwrzijla4xzdx4o4au45yljqptsk/lib/gcc/x86_64-pc-linux-gnu/7.3.0/../../../../include/c++/7.3.0/backward]
    add: [/opt/scorec/spack/install/linux-rhel7-x86_64/gcc-rhel7_4.8.5/gcc-7.3.0-bt47fwrzijla4xzdx4o4au45yljqptsk/lib/gcc/x86_64-pc-linux-gnu/7.3.0/include]
    add: [/usr/local/include]
    add: [/opt/scorec/spack/install/linux-rhel7-x86_64/gcc-rhel7_4.8.5/gcc-7.3.0-bt47fwrzijla4xzdx4o4au45yljqptsk/include]
    add: [/opt/scorec/spack/install/linux-rhel7-x86_64/gcc-rhel7_4.8.5/gcc-7.3.0-bt47fwrzijla4xzdx4o4au45yljqptsk/lib/gcc/x86_64-pc-linux-gnu/7.3.0/include-fixed]
    add: [/usr/include]
  end of search list found
  collapse include dir [/opt/scorec/spack/install/linux-rhel7-x86_64/gcc-7.3.0/mpich-3.3-diz4f6ieln25ouifyc7ndtqlfksom6nb/include] ==> [/opt/scorec/spack/install/linux-rhel7-x86_64/gcc-7.3.0/mpich-3.3-diz4f6ieln25ouifyc7ndtqlfksom6nb/include]
  collapse include dir [/opt/scorec/spack/install/linux-rhel7-x86_64/gcc-7.3.0/pumi-develop-tml2cn2zjfnhdpmhydt2mf22rkb3fgud/include] ==> [/opt/scorec/spack/install/linux-rhel7-x86_64/gcc-7.3.0/pumi-develop-tml2cn2zjfnhdpmhydt2mf22rkb3fgud/include]
  collapse include dir [/opt/scorec/spack/install/linux-rhel7-x86_64/gcc-7.3.0/simmetrix-simmodsuite-12.0-190413-b3rjhyete24lzvt2dlc3xbk76p53laxi/include] ==> [/opt/scorec/spack/install/linux-rhel7-x86_64/gcc-7.3.0/simmetrix-simmodsuite-12.0-190413-b3rjhyete24lzvt2dlc3xbk76p53laxi/include]
  collapse include dir [/opt/scorec/spack/install/linux-rhel7-x86_64/gcc-7.3.0/netcdf-4.6.3-n6uagsdaydnxskwuhgjsvnmp6bddod7s/include] ==> [/opt/scorec/spack/install/linux-rhel7-x86_64/gcc-7.3.0/netcdf-4.6.3-n6uagsdaydnxskwuhgjsvnmp6bddod7s/include]
  collapse include dir [/opt/scorec/spack/install/linux-rhel7-x86_64/gcc-7.3.0/hdf5-1.10.5-fzrgrkhwelzwg2u662bocxmbelaqe5lp/include] ==> [/opt/scorec/spack/install/linux-rhel7-x86_64/gcc-7.3.0/hdf5-1.10.5-fzrgrkhwelzwg2u662bocxmbelaqe5lp/include]
  collapse include dir [/opt/scorec/spack/install/linux-rhel7-x86_64/gcc-7.3.0/zoltan-3.83-gx3prjrefsxj7yq23lgluflkjd2qixci/include] ==> [/opt/scorec/spack/install/linux-rhel7-x86_64/gcc-7.3.0/zoltan-3.83-gx3prjrefsxj7yq23lgluflkjd2qixci/include]
  collapse include dir [/opt/scorec/spack/install/linux-rhel7-x86_64/gcc-7.3.0/parmetis-4.0.3-iqptmd22kibq7j4txrvy4u6knhhn5ge2/include] ==> [/opt/scorec/spack/install/linux-rhel7-x86_64/gcc-7.3.0/parmetis-4.0.3-iqptmd22kibq7j4txrvy4u6knhhn5ge2/include]
  collapse include dir [/opt/scorec/spack/install/linux-rhel7-x86_64/gcc-7.3.0/boost-1.69.0-sdetzl5m3afzwlyvrmvlfqeqwecczrvw/include] ==> [/opt/scorec/spack/install/linux-rhel7-x86_64/gcc-7.3.0/boost-1.69.0-sdetzl5m3afzwlyvrmvlfqeqwecczrvw/include]
  collapse include dir [/opt/scorec/spack/install/linux-rhel7-x86_64/gcc-7.3.0/openblas-0.3.5-7miavkpfij3m35htbo6sabiobj5euoeb/include] ==> [/opt/scorec/spack/install/linux-rhel7-x86_64/gcc-7.3.0/openblas-0.3.5-7miavkpfij3m35htbo6sabiobj5euoeb/include]
  collapse include dir [/opt/scorec/spack/install/linux-rhel7-x86_64/gcc-7.3.0/libiconv-1.15-hwi4p6xjukf73hopk6sg34z6v57fbghx/include] ==> [/opt/scorec/spack/install/linux-rhel7-x86_64/gcc-7.3.0/libiconv-1.15-hwi4p6xjukf73hopk6sg34z6v57fbghx/include]
  collapse include dir [/opt/scorec/spack/install/linux-rhel7-x86_64/gcc-7.3.0/libpciaccess-0.13.5-gcqhf4ksz5ndlmj5aoydcpexg3sizi4s/include] ==> [/opt/scorec/spack/install/linux-rhel7-x86_64/gcc-7.3.0/libpciaccess-0.13.5-gcqhf4ksz5ndlmj5aoydcpexg3sizi4s/include]
  collapse include dir [/opt/scorec/spack/install/linux-rhel7-x86_64/gcc-7.3.0/libxml2-2.9.8-hcsmz5fu7cm7tfbx73f2o2xgo52wgtwt/include] ==> [/opt/scorec/spack/install/linux-rhel7-x86_64/gcc-7.3.0/libxml2-2.9.8-hcsmz5fu7cm7tfbx73f2o2xgo52wgtwt/include]
  collapse include dir [/opt/scorec/spack/install/linux-rhel7-x86_64/gcc-7.3.0/metis-5.1.0-rn7k363kqpvbznmxb3jkkejwjcgfqpyu/include] ==> [/opt/scorec/spack/install/linux-rhel7-x86_64/gcc-7.3.0/metis-5.1.0-rn7k363kqpvbznmxb3jkkejwjcgfqpyu/include]
  collapse include dir [/opt/scorec/spack/install/linux-rhel7-x86_64/gcc-7.3.0/zlib-1.2.11-ypve67owtmigrrbz3b76gg66xvihmhmx/include] ==> [/opt/scorec/spack/install/linux-rhel7-x86_64/gcc-7.3.0/zlib-1.2.11-ypve67owtmigrrbz3b76gg66xvihmhmx/include]
  collapse include dir [/opt/scorec/toolworks/totalview.8.15.7-6/include] ==> [/opt/scorec/toolworks/totalview.8.15.7-6/include]
  collapse include dir [/opt/scorec/spack/install/linux-rhel7-x86_64/gcc-rhel7_4.8.5/gcc-7.3.0-bt47fwrzijla4xzdx4o4au45yljqptsk/lib/gcc/x86_64-pc-linux-gnu/7.3.0/../../../../include/c++/7.3.0] ==> [/opt/scorec/spack/install/linux-rhel7-x86_64/gcc-rhel7_4.8.5/gcc-7.3.0-bt47fwrzijla4xzdx4o4au45yljqptsk/include/c++/7.3.0]
  collapse include dir [/opt/scorec/spack/install/linux-rhel7-x86_64/gcc-rhel7_4.8.5/gcc-7.3.0-bt47fwrzijla4xzdx4o4au45yljqptsk/lib/gcc/x86_64-pc-linux-gnu/7.3.0/../../../../include/c++/7.3.0/x86_64-pc-linux-gnu] ==> [/opt/scorec/spack/install/linux-rhel7-x86_64/gcc-rhel7_4.8.5/gcc-7.3.0-bt47fwrzijla4xzdx4o4au45yljqptsk/include/c++/7.3.0/x86_64-pc-linux-gnu]
  collapse include dir [/opt/scorec/spack/install/linux-rhel7-x86_64/gcc-rhel7_4.8.5/gcc-7.3.0-bt47fwrzijla4xzdx4o4au45yljqptsk/lib/gcc/x86_64-pc-linux-gnu/7.3.0/../../../../include/c++/7.3.0/backward] ==> [/opt/scorec/spack/install/linux-rhel7-x86_64/gcc-rhel7_4.8.5/gcc-7.3.0-bt47fwrzijla4xzdx4o4au45yljqptsk/include/c++/7.3.0/backward]
  collapse include dir [/opt/scorec/spack/install/linux-rhel7-x86_64/gcc-rhel7_4.8.5/gcc-7.3.0-bt47fwrzijla4xzdx4o4au45yljqptsk/lib/gcc/x86_64-pc-linux-gnu/7.3.0/include] ==> [/opt/scorec/spack/install/linux-rhel7-x86_64/gcc-rhel7_4.8.5/gcc-7.3.0-bt47fwrzijla4xzdx4o4au45yljqptsk/lib/gcc/x86_64-pc-linux-gnu/7.3.0/include]
  collapse include dir [/usr/local/include] ==> [/usr/local/include]
  collapse include dir [/opt/scorec/spack/install/linux-rhel7-x86_64/gcc-rhel7_4.8.5/gcc-7.3.0-bt47fwrzijla4xzdx4o4au45yljqptsk/include] ==> [/opt/scorec/spack/install/linux-rhel7-x86_64/gcc-rhel7_4.8.5/gcc-7.3.0-bt47fwrzijla4xzdx4o4au45yljqptsk/include]
  collapse include dir [/opt/scorec/spack/install/linux-rhel7-x86_64/gcc-rhel7_4.8.5/gcc-7.3.0-bt47fwrzijla4xzdx4o4au45yljqptsk/lib/gcc/x86_64-pc-linux-gnu/7.3.0/include-fixed] ==> [/opt/scorec/spack/install/linux-rhel7-x86_64/gcc-rhel7_4.8.5/gcc-7.3.0-bt47fwrzijla4xzdx4o4au45yljqptsk/lib/gcc/x86_64-pc-linux-gnu/7.3.0/include-fixed]
  collapse include dir [/usr/include] ==> [/usr/include]
  implicit include dirs: [/opt/scorec/spack/install/linux-rhel7-x86_64/gcc-7.3.0/mpich-3.3-diz4f6ieln25ouifyc7ndtqlfksom6nb/include;/opt/scorec/spack/install/linux-rhel7-x86_64/gcc-7.3.0/pumi-develop-tml2cn2zjfnhdpmhydt2mf22rkb3fgud/include;/opt/scorec/spack/install/linux-rhel7-x86_64/gcc-7.3.0/simmetrix-simmodsuite-12.0-190413-b3rjhyete24lzvt2dlc3xbk76p53laxi/include;/opt/scorec/spack/install/linux-rhel7-x86_64/gcc-7.3.0/netcdf-4.6.3-n6uagsdaydnxskwuhgjsvnmp6bddod7s/include;/opt/scorec/spack/install/linux-rhel7-x86_64/gcc-7.3.0/hdf5-1.10.5-fzrgrkhwelzwg2u662bocxmbelaqe5lp/include;/opt/scorec/spack/install/linux-rhel7-x86_64/gcc-7.3.0/zoltan-3.83-gx3prjrefsxj7yq23lgluflkjd2qixci/include;/opt/scorec/spack/install/linux-rhel7-x86_64/gcc-7.3.0/parmetis-4.0.3-iqptmd22kibq7j4txrvy4u6knhhn5ge2/include;/opt/scorec/spack/install/linux-rhel7-x86_64/gcc-7.3.0/boost-1.69.0-sdetzl5m3afzwlyvrmvlfqeqwecczrvw/include;/opt/scorec/spack/install/linux-rhel7-x86_64/gcc-7.3.0/openblas-0.3.5-7miavkpfij3m35htbo6sabiobj5euoeb/include;/opt/scorec/spack/install/linux-rhel7-x86_64/gcc-7.3.0/libiconv-1.15-hwi4p6xjukf73hopk6sg34z6v57fbghx/include;/opt/scorec/spack/install/linux-rhel7-x86_64/gcc-7.3.0/libpciaccess-0.13.5-gcqhf4ksz5ndlmj5aoydcpexg3sizi4s/include;/opt/scorec/spack/install/linux-rhel7-x86_64/gcc-7.3.0/libxml2-2.9.8-hcsmz5fu7cm7tfbx73f2o2xgo52wgtwt/include;/opt/scorec/spack/install/linux-rhel7-x86_64/gcc-7.3.0/metis-5.1.0-rn7k363kqpvbznmxb3jkkejwjcgfqpyu/include;/opt/scorec/spack/install/linux-rhel7-x86_64/gcc-7.3.0/zlib-1.2.11-ypve67owtmigrrbz3b76gg66xvihmhmx/include;/opt/scorec/toolworks/totalview.8.15.7-6/include;/opt/scorec/spack/install/linux-rhel7-x86_64/gcc-rhel7_4.8.5/gcc-7.3.0-bt47fwrzijla4xzdx4o4au45yljqptsk/include/c++/7.3.0;/opt/scorec/spack/install/linux-rhel7-x86_64/gcc-rhel7_4.8.5/gcc-7.3.0-bt47fwrzijla4xzdx4o4au45yljqptsk/include/c++/7.3.0/x86_64-pc-linux-gnu;/opt/scorec/spack/install/linux-rhel7-x86_64/gcc-rhel7_4.8.5/gcc-7.3.0-bt47fwrzijla4xzdx4o4au45yljqptsk/include/c++/7.3.0/backward;/opt/scorec/spack/install/linux-rhel7-x86_64/gcc-rhel7_4.8.5/gcc-7.3.0-bt47fwrzijla4xzdx4o4au45yljqptsk/lib/gcc/x86_64-pc-linux-gnu/7.3.0/include;/usr/local/include;/opt/scorec/spack/install/linux-rhel7-x86_64/gcc-rhel7_4.8.5/gcc-7.3.0-bt47fwrzijla4xzdx4o4au45yljqptsk/include;/opt/scorec/spack/install/linux-rhel7-x86_64/gcc-rhel7_4.8.5/gcc-7.3.0-bt47fwrzijla4xzdx4o4au45yljqptsk/lib/gcc/x86_64-pc-linux-gnu/7.3.0/include-fixed;/usr/include]


Parsed CXX implicit link information from above output:
  link line regex: [^( *|.*[/\])(ld|CMAKE_LINK_STARTFILE-NOTFOUND|([^/\]+-)?ld|collect2)[^/\]*( |$)]
  ignore line: [Change Dir: /lore/hur3/June_19/UpdateTcond/testAlternating/SurfaceUpdate/build/CMakeFiles/CMakeTmp]
  ignore line: []
  ignore line: [Run Build Command(s):/usr/bin/gmake cmTC_45ac0/fast ]
  ignore line: [/usr/bin/gmake -f CMakeFiles/cmTC_45ac0.dir/build.make CMakeFiles/cmTC_45ac0.dir/build]
  ignore line: [gmake[1]: Entering directory `/lore/hur3/June_19/UpdateTcond/testAlternating/SurfaceUpdate/build/CMakeFiles/CMakeTmp']
  ignore line: [Building CXX object CMakeFiles/cmTC_45ac0.dir/CMakeCXXCompilerABI.cpp.o]
  ignore line: [/opt/scorec/spack/install/linux-rhel7-x86_64/gcc-7.3.0/mpich-3.3-diz4f6ieln25ouifyc7ndtqlfksom6nb/bin/mpicxx    -g -O2    -v -o CMakeFiles/cmTC_45ac0.dir/CMakeCXXCompilerABI.cpp.o -c /opt/scorec/spack/install/linux-rhel7-x86_64/gcc-7.3.0/cmake-3.14.1-hd7d4kuybh47lifmrxkywb2ybikrg4y3/share/cmake-3.14/Modules/CMakeCXXCompilerABI.cpp]
  ignore line: [mpicxx for MPICH version 3.3]
  ignore line: [Reading specs from /opt/scorec/spack/install/linux-rhel7-x86_64/gcc-rhel7_4.8.5/gcc-7.3.0-bt47fwrzijla4xzdx4o4au45yljqptsk/lib/gcc/x86_64-pc-linux-gnu/7.3.0/specs]
  ignore line: [COLLECT_GCC=/opt/scorec/spack/install/linux-rhel7-x86_64/gcc-rhel7_4.8.5/gcc-7.3.0-bt47fwrzijla4xzdx4o4au45yljqptsk/bin/g++]
  ignore line: [Target: x86_64-pc-linux-gnu]
  ignore line: [Configured with: /opt/scorec/spack/spack/var/spack/stage/gcc-7.3.0-bt47fwrzijla4xzdx4o4au45yljqptsk/gcc-7.3.0/configure --prefix=/opt/scorec/spack/install/linux-rhel7-x86_64/gcc-rhel7_4.8.5/gcc-7.3.0-bt47fwrzijla4xzdx4o4au45yljqptsk --disable-multilib --enable-languages=c,c++,fortran --with-mpfr=/opt/scorec/spack/install/linux-rhel7-x86_64/gcc-rhel7_4.8.5/mpfr-4.0.1-lzdszay7hxxntcneq4jxlz5x7ow23xb3 --with-gmp=/opt/scorec/spack/install/linux-rhel7-x86_64/gcc-rhel7_4.8.5/gmp-6.1.2-pv3gypksdjjhabc7glloagdmche35e4o --enable-lto --with-quad --with-system-zlib --with-mpc=/opt/scorec/spack/install/linux-rhel7-x86_64/gcc-rhel7_4.8.5/mpc-1.1.0-spmfkhhkdvcyurgbjxgwm7d5jfoow6bd --with-isl=/opt/scorec/spack/install/linux-rhel7-x86_64/gcc-rhel7_4.8.5/isl-0.19-rvu5tnwdigpaqusb4uxs5htj36r6zb2m]
  ignore line: [Thread model: posix]
  ignore line: [gcc version 7.3.0 (GCC) ]
  ignore line: [COLLECT_GCC_OPTIONS='-g' '-O2' '-v' '-o' 'CMakeFiles/cmTC_45ac0.dir/CMakeCXXCompilerABI.cpp.o' '-c' '-I' '/opt/scorec/spack/install/linux-rhel7-x86_64/gcc-7.3.0/mpich-3.3-diz4f6ieln25ouifyc7ndtqlfksom6nb/include' '-shared-libgcc' '-mtune=generic' '-march=x86-64']
  ignore line: [ /opt/scorec/spack/install/linux-rhel7-x86_64/gcc-rhel7_4.8.5/gcc-7.3.0-bt47fwrzijla4xzdx4o4au45yljqptsk/libexec/gcc/x86_64-pc-linux-gnu/7.3.0/cc1plus -quiet -v -I /opt/scorec/spack/install/linux-rhel7-x86_64/gcc-7.3.0/mpich-3.3-diz4f6ieln25ouifyc7ndtqlfksom6nb/include -D_GNU_SOURCE /opt/scorec/spack/install/linux-rhel7-x86_64/gcc-7.3.0/cmake-3.14.1-hd7d4kuybh47lifmrxkywb2ybikrg4y3/share/cmake-3.14/Modules/CMakeCXXCompilerABI.cpp -quiet -dumpbase CMakeCXXCompilerABI.cpp -mtune=generic -march=x86-64 -auxbase-strip CMakeFiles/cmTC_45ac0.dir/CMakeCXXCompilerABI.cpp.o -g -O2 -version -o /tmp/ccabhsuS.s]
  ignore line: [GNU C++14 (GCC) version 7.3.0 (x86_64-pc-linux-gnu)]
  ignore line: [	compiled by GNU C version 7.3.0, GMP version 6.1.2, MPFR version 4.0.1, MPC version 1.1.0, isl version isl-0.19-GMP]
  ignore line: []
  ignore line: [GGC heuristics: --param ggc-min-expand=100 --param ggc-min-heapsize=131072]
  ignore line: [ignoring nonexistent directory "/opt/scorec/spack/install/linux-rhel7-x86_64/gcc-rhel7_4.8.5/gcc-7.3.0-bt47fwrzijla4xzdx4o4au45yljqptsk/lib/gcc/x86_64-pc-linux-gnu/7.3.0/../../../../x86_64-pc-linux-gnu/include"]
  ignore line: [ignoring duplicate directory "/opt/scorec/spack/install/linux-rhel7-x86_64/gcc-7.3.0/mpich-3.3-diz4f6ieln25ouifyc7ndtqlfksom6nb/include"]
  ignore line: [ignoring duplicate directory "/opt/scorec/spack/install/linux-rhel7-x86_64/gcc-rhel7_4.8.5/gcc-7.3.0-bt47fwrzijla4xzdx4o4au45yljqptsk/include"]
  ignore line: [  as it is a non-system directory that duplicates a system directory]
  ignore line: [#include "..." search starts here:]
  ignore line: [#include <...> search starts here:]
  ignore line: [ /opt/scorec/spack/install/linux-rhel7-x86_64/gcc-7.3.0/mpich-3.3-diz4f6ieln25ouifyc7ndtqlfksom6nb/include]
  ignore line: [ /opt/scorec/spack/install/linux-rhel7-x86_64/gcc-7.3.0/pumi-develop-tml2cn2zjfnhdpmhydt2mf22rkb3fgud/include]
  ignore line: [ /opt/scorec/spack/install/linux-rhel7-x86_64/gcc-7.3.0/simmetrix-simmodsuite-12.0-190413-b3rjhyete24lzvt2dlc3xbk76p53laxi/include]
  ignore line: [ /opt/scorec/spack/install/linux-rhel7-x86_64/gcc-7.3.0/netcdf-4.6.3-n6uagsdaydnxskwuhgjsvnmp6bddod7s/include]
  ignore line: [ /opt/scorec/spack/install/linux-rhel7-x86_64/gcc-7.3.0/hdf5-1.10.5-fzrgrkhwelzwg2u662bocxmbelaqe5lp/include]
  ignore line: [ /opt/scorec/spack/install/linux-rhel7-x86_64/gcc-7.3.0/zoltan-3.83-gx3prjrefsxj7yq23lgluflkjd2qixci/include]
  ignore line: [ /opt/scorec/spack/install/linux-rhel7-x86_64/gcc-7.3.0/parmetis-4.0.3-iqptmd22kibq7j4txrvy4u6knhhn5ge2/include]
  ignore line: [ /opt/scorec/spack/install/linux-rhel7-x86_64/gcc-7.3.0/boost-1.69.0-sdetzl5m3afzwlyvrmvlfqeqwecczrvw/include]
  ignore line: [ /opt/scorec/spack/install/linux-rhel7-x86_64/gcc-7.3.0/openblas-0.3.5-7miavkpfij3m35htbo6sabiobj5euoeb/include]
  ignore line: [ /opt/scorec/spack/install/linux-rhel7-x86_64/gcc-7.3.0/libiconv-1.15-hwi4p6xjukf73hopk6sg34z6v57fbghx/include]
  ignore line: [ /opt/scorec/spack/install/linux-rhel7-x86_64/gcc-7.3.0/libpciaccess-0.13.5-gcqhf4ksz5ndlmj5aoydcpexg3sizi4s/include]
  ignore line: [ /opt/scorec/spack/install/linux-rhel7-x86_64/gcc-7.3.0/libxml2-2.9.8-hcsmz5fu7cm7tfbx73f2o2xgo52wgtwt/include]
  ignore line: [ /opt/scorec/spack/install/linux-rhel7-x86_64/gcc-7.3.0/metis-5.1.0-rn7k363kqpvbznmxb3jkkejwjcgfqpyu/include]
  ignore line: [ /opt/scorec/spack/install/linux-rhel7-x86_64/gcc-7.3.0/zlib-1.2.11-ypve67owtmigrrbz3b76gg66xvihmhmx/include]
  ignore line: [ /opt/scorec/toolworks/totalview.8.15.7-6/include]
  ignore line: [ /opt/scorec/spack/install/linux-rhel7-x86_64/gcc-rhel7_4.8.5/gcc-7.3.0-bt47fwrzijla4xzdx4o4au45yljqptsk/lib/gcc/x86_64-pc-linux-gnu/7.3.0/../../../../include/c++/7.3.0]
  ignore line: [ /opt/scorec/spack/install/linux-rhel7-x86_64/gcc-rhel7_4.8.5/gcc-7.3.0-bt47fwrzijla4xzdx4o4au45yljqptsk/lib/gcc/x86_64-pc-linux-gnu/7.3.0/../../../../include/c++/7.3.0/x86_64-pc-linux-gnu]
  ignore line: [ /opt/scorec/spack/install/linux-rhel7-x86_64/gcc-rhel7_4.8.5/gcc-7.3.0-bt47fwrzijla4xzdx4o4au45yljqptsk/lib/gcc/x86_64-pc-linux-gnu/7.3.0/../../../../include/c++/7.3.0/backward]
  ignore line: [ /opt/scorec/spack/install/linux-rhel7-x86_64/gcc-rhel7_4.8.5/gcc-7.3.0-bt47fwrzijla4xzdx4o4au45yljqptsk/lib/gcc/x86_64-pc-linux-gnu/7.3.0/include]
  ignore line: [ /usr/local/include]
  ignore line: [ /opt/scorec/spack/install/linux-rhel7-x86_64/gcc-rhel7_4.8.5/gcc-7.3.0-bt47fwrzijla4xzdx4o4au45yljqptsk/include]
  ignore line: [ /opt/scorec/spack/install/linux-rhel7-x86_64/gcc-rhel7_4.8.5/gcc-7.3.0-bt47fwrzijla4xzdx4o4au45yljqptsk/lib/gcc/x86_64-pc-linux-gnu/7.3.0/include-fixed]
  ignore line: [ /usr/include]
  ignore line: [End of search list.]
  ignore line: [GNU C++14 (GCC) version 7.3.0 (x86_64-pc-linux-gnu)]
  ignore line: [	compiled by GNU C version 7.3.0, GMP version 6.1.2, MPFR version 4.0.1, MPC version 1.1.0, isl version isl-0.19-GMP]
  ignore line: []
  ignore line: [GGC heuristics: --param ggc-min-expand=100 --param ggc-min-heapsize=131072]
  ignore line: [Compiler executable checksum: 486f8b71fe5541c5872085723255754d]
  ignore line: [COLLECT_GCC_OPTIONS='-g' '-O2' '-v' '-o' 'CMakeFiles/cmTC_45ac0.dir/CMakeCXXCompilerABI.cpp.o' '-c' '-I' '/opt/scorec/spack/install/linux-rhel7-x86_64/gcc-7.3.0/mpich-3.3-diz4f6ieln25ouifyc7ndtqlfksom6nb/include' '-shared-libgcc' '-mtune=generic' '-march=x86-64']
  ignore line: [ as -v -I /opt/scorec/spack/install/linux-rhel7-x86_64/gcc-7.3.0/mpich-3.3-diz4f6ieln25ouifyc7ndtqlfksom6nb/include --64 -o CMakeFiles/cmTC_45ac0.dir/CMakeCXXCompilerABI.cpp.o /tmp/ccabhsuS.s]
  ignore line: [GNU assembler version 2.27 (x86_64-redhat-linux) using BFD version version 2.27-34.base.el7]
  ignore line: [COMPILER_PATH=/opt/scorec/spack/install/linux-rhel7-x86_64/gcc-rhel7_4.8.5/gcc-7.3.0-bt47fwrzijla4xzdx4o4au45yljqptsk/libexec/gcc/x86_64-pc-linux-gnu/7.3.0/:/opt/scorec/spack/install/linux-rhel7-x86_64/gcc-rhel7_4.8.5/gcc-7.3.0-bt47fwrzijla4xzdx4o4au45yljqptsk/libexec/gcc/x86_64-pc-linux-gnu/7.3.0/:/opt/scorec/spack/install/linux-rhel7-x86_64/gcc-rhel7_4.8.5/gcc-7.3.0-bt47fwrzijla4xzdx4o4au45yljqptsk/libexec/gcc/x86_64-pc-linux-gnu/:/opt/scorec/spack/install/linux-rhel7-x86_64/gcc-rhel7_4.8.5/gcc-7.3.0-bt47fwrzijla4xzdx4o4au45yljqptsk/lib/gcc/x86_64-pc-linux-gnu/7.3.0/:/opt/scorec/spack/install/linux-rhel7-x86_64/gcc-rhel7_4.8.5/gcc-7.3.0-bt47fwrzijla4xzdx4o4au45yljqptsk/lib/gcc/x86_64-pc-linux-gnu/]
  ignore line: [LIBRARY_PATH=/opt/scorec/spack/install/linux-rhel7-x86_64/gcc-rhel7_4.8.5/gcc-7.3.0-bt47fwrzijla4xzdx4o4au45yljqptsk/lib64/../lib64/:/opt/scorec/spack/install/linux-rhel7-x86_64/gcc-rhel7_4.8.5/gcc-7.3.0-bt47fwrzijla4xzdx4o4au45yljqptsk/lib/../lib64/:/opt/scorec/spack/install/linux-rhel7-x86_64/gcc-rhel7_4.8.5/gcc-7.3.0-bt47fwrzijla4xzdx4o4au45yljqptsk/lib/gcc/x86_64-pc-linux-gnu/7.3.0/:/opt/scorec/spack/install/linux-rhel7-x86_64/gcc-rhel7_4.8.5/gcc-7.3.0-bt47fwrzijla4xzdx4o4au45yljqptsk/lib/gcc/x86_64-pc-linux-gnu/7.3.0/../../../../lib64/:/lib/../lib64/:/usr/lib/../lib64/:/opt/scorec/spack/install/linux-rhel7-x86_64/gcc-7.3.0/pumi-develop-tml2cn2zjfnhdpmhydt2mf22rkb3fgud/lib/:/opt/scorec/spack/install/linux-rhel7-x86_64/gcc-7.3.0/simmetrix-simmodsuite-12.0-190413-b3rjhyete24lzvt2dlc3xbk76p53laxi/lib/:/opt/scorec/spack/install/linux-rhel7-x86_64/gcc-7.3.0/netcdf-4.6.3-n6uagsdaydnxskwuhgjsvnmp6bddod7s/lib/:/opt/scorec/spack/install/linux-rhel7-x86_64/gcc-7.3.0/hdf5-1.10.5-fzrgrkhwelzwg2u662bocxmbelaqe5lp/lib/:/opt/scorec/spack/install/linux-rhel7-x86_64/gcc-7.3.0/zoltan-3.83-gx3prjrefsxj7yq23lgluflkjd2qixci/lib/:/opt/scorec/spack/install/linux-rhel7-x86_64/gcc-7.3.0/parmetis-4.0.3-iqptmd22kibq7j4txrvy4u6knhhn5ge2/lib/:/opt/scorec/spack/install/linux-rhel7-x86_64/gcc-7.3.0/mpich-3.3-diz4f6ieln25ouifyc7ndtqlfksom6nb/lib/:/opt/scorec/spack/install/linux-rhel7-x86_64/gcc-7.3.0/boost-1.69.0-sdetzl5m3afzwlyvrmvlfqeqwecczrvw/lib/:/opt/scorec/spack/install/linux-rhel7-x86_64/gcc-7.3.0/openblas-0.3.5-7miavkpfij3m35htbo6sabiobj5euoeb/lib/:/opt/scorec/spack/install/linux-rhel7-x86_64/gcc-7.3.0/libiconv-1.15-hwi4p6xjukf73hopk6sg34z6v57fbghx/lib/:/opt/scorec/spack/install/linux-rhel7-x86_64/gcc-7.3.0/libpciaccess-0.13.5-gcqhf4ksz5ndlmj5aoydcpexg3sizi4s/lib/:/opt/scorec/spack/install/linux-rhel7-x86_64/gcc-7.3.0/libxml2-2.9.8-hcsmz5fu7cm7tfbx73f2o2xgo52wgtwt/lib/:/opt/scorec/spack/install/linux-rhel7-x86_64/gcc-7.3.0/metis-5.1.0-rn7k363kqpvbznmxb3jkkejwjcgfqpyu/lib/:/opt/scorec/spack/install/linux-rhel7-x86_64/gcc-7.3.0/zlib-1.2.11-ypve67owtmigrrbz3b76gg66xvihmhmx/lib/:/opt/scorec/spack/install/linux-rhel7-x86_64/gcc-rhel7_4.8.5/gcc-7.3.0-bt47fwrzijla4xzdx4o4au45yljqptsk/lib64/:/opt/scorec/spack/install/linux-rhel7-x86_64/gcc-rhel7_4.8.5/gcc-7.3.0-bt47fwrzijla4xzdx4o4au45yljqptsk/lib/:/opt/scorec/spack/install/linux-rhel7-x86_64/gcc-rhel7_4.8.5/gcc-7.3.0-bt47fwrzijla4xzdx4o4au45yljqptsk/lib/gcc/x86_64-pc-linux-gnu/7.3.0/../../../:/lib/:/usr/lib/]
  ignore line: [COLLECT_GCC_OPTIONS='-g' '-O2' '-v' '-o' 'CMakeFiles/cmTC_45ac0.dir/CMakeCXXCompilerABI.cpp.o' '-c' '-I' '/opt/scorec/spack/install/linux-rhel7-x86_64/gcc-7.3.0/mpich-3.3-diz4f6ieln25ouifyc7ndtqlfksom6nb/include' '-shared-libgcc' '-mtune=generic' '-march=x86-64']
  ignore line: [Linking CXX executable cmTC_45ac0]
  ignore line: [/opt/scorec/spack/install/linux-rhel7-x86_64/gcc-7.3.0/cmake-3.14.1-hd7d4kuybh47lifmrxkywb2ybikrg4y3/bin/cmake -E cmake_link_script CMakeFiles/cmTC_45ac0.dir/link.txt --verbose=1]
  ignore line: [/opt/scorec/spack/install/linux-rhel7-x86_64/gcc-7.3.0/mpich-3.3-diz4f6ieln25ouifyc7ndtqlfksom6nb/bin/mpicxx  -g -O2    -v -rdynamic CMakeFiles/cmTC_45ac0.dir/CMakeCXXCompilerABI.cpp.o  -o cmTC_45ac0 ]
  ignore line: [mpicxx for MPICH version 3.3]
  ignore line: [Reading specs from /opt/scorec/spack/install/linux-rhel7-x86_64/gcc-rhel7_4.8.5/gcc-7.3.0-bt47fwrzijla4xzdx4o4au45yljqptsk/lib/gcc/x86_64-pc-linux-gnu/7.3.0/specs]
  ignore line: [COLLECT_GCC=/opt/scorec/spack/install/linux-rhel7-x86_64/gcc-rhel7_4.8.5/gcc-7.3.0-bt47fwrzijla4xzdx4o4au45yljqptsk/bin/g++]
  ignore line: [COLLECT_LTO_WRAPPER=/opt/scorec/spack/install/linux-rhel7-x86_64/gcc-rhel7_4.8.5/gcc-7.3.0-bt47fwrzijla4xzdx4o4au45yljqptsk/libexec/gcc/x86_64-pc-linux-gnu/7.3.0/lto-wrapper]
  ignore line: [Target: x86_64-pc-linux-gnu]
  ignore line: [Configured with: /opt/scorec/spack/spack/var/spack/stage/gcc-7.3.0-bt47fwrzijla4xzdx4o4au45yljqptsk/gcc-7.3.0/configure --prefix=/opt/scorec/spack/install/linux-rhel7-x86_64/gcc-rhel7_4.8.5/gcc-7.3.0-bt47fwrzijla4xzdx4o4au45yljqptsk --disable-multilib --enable-languages=c,c++,fortran --with-mpfr=/opt/scorec/spack/install/linux-rhel7-x86_64/gcc-rhel7_4.8.5/mpfr-4.0.1-lzdszay7hxxntcneq4jxlz5x7ow23xb3 --with-gmp=/opt/scorec/spack/install/linux-rhel7-x86_64/gcc-rhel7_4.8.5/gmp-6.1.2-pv3gypksdjjhabc7glloagdmche35e4o --enable-lto --with-quad --with-system-zlib --with-mpc=/opt/scorec/spack/install/linux-rhel7-x86_64/gcc-rhel7_4.8.5/mpc-1.1.0-spmfkhhkdvcyurgbjxgwm7d5jfoow6bd --with-isl=/opt/scorec/spack/install/linux-rhel7-x86_64/gcc-rhel7_4.8.5/isl-0.19-rvu5tnwdigpaqusb4uxs5htj36r6zb2m]
  ignore line: [Thread model: posix]
  ignore line: [gcc version 7.3.0 (GCC) ]
  ignore line: [COMPILER_PATH=/opt/scorec/spack/install/linux-rhel7-x86_64/gcc-rhel7_4.8.5/gcc-7.3.0-bt47fwrzijla4xzdx4o4au45yljqptsk/libexec/gcc/x86_64-pc-linux-gnu/7.3.0/:/opt/scorec/spack/install/linux-rhel7-x86_64/gcc-rhel7_4.8.5/gcc-7.3.0-bt47fwrzijla4xzdx4o4au45yljqptsk/libexec/gcc/x86_64-pc-linux-gnu/7.3.0/:/opt/scorec/spack/install/linux-rhel7-x86_64/gcc-rhel7_4.8.5/gcc-7.3.0-bt47fwrzijla4xzdx4o4au45yljqptsk/libexec/gcc/x86_64-pc-linux-gnu/:/opt/scorec/spack/install/linux-rhel7-x86_64/gcc-rhel7_4.8.5/gcc-7.3.0-bt47fwrzijla4xzdx4o4au45yljqptsk/lib/gcc/x86_64-pc-linux-gnu/7.3.0/:/opt/scorec/spack/install/linux-rhel7-x86_64/gcc-rhel7_4.8.5/gcc-7.3.0-bt47fwrzijla4xzdx4o4au45yljqptsk/lib/gcc/x86_64-pc-linux-gnu/]
  ignore line: [LIBRARY_PATH=/opt/scorec/spack/install/linux-rhel7-x86_64/gcc-rhel7_4.8.5/gcc-7.3.0-bt47fwrzijla4xzdx4o4au45yljqptsk/lib64/../lib64/:/opt/scorec/spack/install/linux-rhel7-x86_64/gcc-rhel7_4.8.5/gcc-7.3.0-bt47fwrzijla4xzdx4o4au45yljqptsk/lib/../lib64/:/opt/scorec/spack/install/linux-rhel7-x86_64/gcc-rhel7_4.8.5/gcc-7.3.0-bt47fwrzijla4xzdx4o4au45yljqptsk/lib/gcc/x86_64-pc-linux-gnu/7.3.0/:/opt/scorec/spack/install/linux-rhel7-x86_64/gcc-rhel7_4.8.5/gcc-7.3.0-bt47fwrzijla4xzdx4o4au45yljqptsk/lib/gcc/x86_64-pc-linux-gnu/7.3.0/../../../../lib64/:/lib/../lib64/:/usr/lib/../lib64/:/opt/scorec/spack/install/linux-rhel7-x86_64/gcc-7.3.0/pumi-develop-tml2cn2zjfnhdpmhydt2mf22rkb3fgud/lib/:/opt/scorec/spack/install/linux-rhel7-x86_64/gcc-7.3.0/simmetrix-simmodsuite-12.0-190413-b3rjhyete24lzvt2dlc3xbk76p53laxi/lib/:/opt/scorec/spack/install/linux-rhel7-x86_64/gcc-7.3.0/netcdf-4.6.3-n6uagsdaydnxskwuhgjsvnmp6bddod7s/lib/:/opt/scorec/spack/install/linux-rhel7-x86_64/gcc-7.3.0/hdf5-1.10.5-fzrgrkhwelzwg2u662bocxmbelaqe5lp/lib/:/opt/scorec/spack/install/linux-rhel7-x86_64/gcc-7.3.0/zoltan-3.83-gx3prjrefsxj7yq23lgluflkjd2qixci/lib/:/opt/scorec/spack/install/linux-rhel7-x86_64/gcc-7.3.0/parmetis-4.0.3-iqptmd22kibq7j4txrvy4u6knhhn5ge2/lib/:/opt/scorec/spack/install/linux-rhel7-x86_64/gcc-7.3.0/mpich-3.3-diz4f6ieln25ouifyc7ndtqlfksom6nb/lib/:/opt/scorec/spack/install/linux-rhel7-x86_64/gcc-7.3.0/boost-1.69.0-sdetzl5m3afzwlyvrmvlfqeqwecczrvw/lib/:/opt/scorec/spack/install/linux-rhel7-x86_64/gcc-7.3.0/openblas-0.3.5-7miavkpfij3m35htbo6sabiobj5euoeb/lib/:/opt/scorec/spack/install/linux-rhel7-x86_64/gcc-7.3.0/libiconv-1.15-hwi4p6xjukf73hopk6sg34z6v57fbghx/lib/:/opt/scorec/spack/install/linux-rhel7-x86_64/gcc-7.3.0/libpciaccess-0.13.5-gcqhf4ksz5ndlmj5aoydcpexg3sizi4s/lib/:/opt/scorec/spack/install/linux-rhel7-x86_64/gcc-7.3.0/libxml2-2.9.8-hcsmz5fu7cm7tfbx73f2o2xgo52wgtwt/lib/:/opt/scorec/spack/install/linux-rhel7-x86_64/gcc-7.3.0/metis-5.1.0-rn7k363kqpvbznmxb3jkkejwjcgfqpyu/lib/:/opt/scorec/spack/install/linux-rhel7-x86_64/gcc-7.3.0/zlib-1.2.11-ypve67owtmigrrbz3b76gg66xvihmhmx/lib/:/opt/scorec/spack/install/linux-rhel7-x86_64/gcc-rhel7_4.8.5/gcc-7.3.0-bt47fwrzijla4xzdx4o4au45yljqptsk/lib64/:/opt/scorec/spack/install/linux-rhel7-x86_64/gcc-rhel7_4.8.5/gcc-7.3.0-bt47fwrzijla4xzdx4o4au45yljqptsk/lib/:/opt/scorec/spack/install/linux-rhel7-x86_64/gcc-rhel7_4.8.5/gcc-7.3.0-bt47fwrzijla4xzdx4o4au45yljqptsk/lib/gcc/x86_64-pc-linux-gnu/7.3.0/../../../:/lib/:/usr/lib/]
  ignore line: [COLLECT_GCC_OPTIONS='-g' '-O2' '-v' '-rdynamic' '-o' 'cmTC_45ac0' '-I' '/opt/scorec/spack/install/linux-rhel7-x86_64/gcc-7.3.0/mpich-3.3-diz4f6ieln25ouifyc7ndtqlfksom6nb/include' '-L/opt/scorec/spack/install/linux-rhel7-x86_64/gcc-7.3.0/mpich-3.3-diz4f6ieln25ouifyc7ndtqlfksom6nb/lib' '-shared-libgcc' '-mtune=generic' '-march=x86-64']
  link line: [ /opt/scorec/spack/install/linux-rhel7-x86_64/gcc-rhel7_4.8.5/gcc-7.3.0-bt47fwrzijla4xzdx4o4au45yljqptsk/libexec/gcc/x86_64-pc-linux-gnu/7.3.0/collect2 -plugin /opt/scorec/spack/install/linux-rhel7-x86_64/gcc-rhel7_4.8.5/gcc-7.3.0-bt47fwrzijla4xzdx4o4au45yljqptsk/libexec/gcc/x86_64-pc-linux-gnu/7.3.0/liblto_plugin.so -plugin-opt=/opt/scorec/spack/install/linux-rhel7-x86_64/gcc-rhel7_4.8.5/gcc-7.3.0-bt47fwrzijla4xzdx4o4au45yljqptsk/libexec/gcc/x86_64-pc-linux-gnu/7.3.0/lto-wrapper -plugin-opt=-fresolution=/tmp/ccx4wE6W.res -plugin-opt=-pass-through=-lgcc_s -plugin-opt=-pass-through=-lgcc -plugin-opt=-pass-through=-lc -plugin-opt=-pass-through=-lgcc_s -plugin-opt=-pass-through=-lgcc -rpath /opt/scorec/spack/install/linux-rhel7-x86_64/gcc-rhel7_4.8.5/gcc-7.3.0-bt47fwrzijla4xzdx4o4au45yljqptsk/lib:/opt/scorec/spack/install/linux-rhel7-x86_64/gcc-rhel7_4.8.5/gcc-7.3.0-bt47fwrzijla4xzdx4o4au45yljqptsk/lib64 --eh-frame-hdr -m elf_x86_64 -export-dynamic -dynamic-linker /lib64/ld-linux-x86-64.so.2 -o cmTC_45ac0 /lib/../lib64/crt1.o /lib/../lib64/crti.o /opt/scorec/spack/install/linux-rhel7-x86_64/gcc-rhel7_4.8.5/gcc-7.3.0-bt47fwrzijla4xzdx4o4au45yljqptsk/lib/gcc/x86_64-pc-linux-gnu/7.3.0/crtbegin.o -L/opt/scorec/spack/install/linux-rhel7-x86_64/gcc-7.3.0/mpich-3.3-diz4f6ieln25ouifyc7ndtqlfksom6nb/lib -L/opt/scorec/spack/install/linux-rhel7-x86_64/gcc-rhel7_4.8.5/gcc-7.3.0-bt47fwrzijla4xzdx4o4au45yljqptsk/lib64/../lib64 -L/opt/scorec/spack/install/linux-rhel7-x86_64/gcc-rhel7_4.8.5/gcc-7.3.0-bt47fwrzijla4xzdx4o4au45yljqptsk/lib/../lib64 -L/opt/scorec/spack/install/linux-rhel7-x86_64/gcc-rhel7_4.8.5/gcc-7.3.0-bt47fwrzijla4xzdx4o4au45yljqptsk/lib/gcc/x86_64-pc-linux-gnu/7.3.0 -L/opt/scorec/spack/install/linux-rhel7-x86_64/gcc-rhel7_4.8.5/gcc-7.3.0-bt47fwrzijla4xzdx4o4au45yljqptsk/lib/gcc/x86_64-pc-linux-gnu/7.3.0/../../../../lib64 -L/lib/../lib64 -L/usr/lib/../lib64 -L/opt/scorec/spack/install/linux-rhel7-x86_64/gcc-7.3.0/pumi-develop-tml2cn2zjfnhdpmhydt2mf22rkb3fgud/lib -L/opt/scorec/spack/install/linux-rhel7-x86_64/gcc-7.3.0/simmetrix-simmodsuite-12.0-190413-b3rjhyete24lzvt2dlc3xbk76p53laxi/lib -L/opt/scorec/spack/install/linux-rhel7-x86_64/gcc-7.3.0/netcdf-4.6.3-n6uagsdaydnxskwuhgjsvnmp6bddod7s/lib -L/opt/scorec/spack/install/linux-rhel7-x86_64/gcc-7.3.0/hdf5-1.10.5-fzrgrkhwelzwg2u662bocxmbelaqe5lp/lib -L/opt/scorec/spack/install/linux-rhel7-x86_64/gcc-7.3.0/zoltan-3.83-gx3prjrefsxj7yq23lgluflkjd2qixci/lib -L/opt/scorec/spack/install/linux-rhel7-x86_64/gcc-7.3.0/parmetis-4.0.3-iqptmd22kibq7j4txrvy4u6knhhn5ge2/lib -L/opt/scorec/spack/install/linux-rhel7-x86_64/gcc-7.3.0/mpich-3.3-diz4f6ieln25ouifyc7ndtqlfksom6nb/lib -L/opt/scorec/spack/install/linux-rhel7-x86_64/gcc-7.3.0/boost-1.69.0-sdetzl5m3afzwlyvrmvlfqeqwecczrvw/lib -L/opt/scorec/spack/install/linux-rhel7-x86_64/gcc-7.3.0/openblas-0.3.5-7miavkpfij3m35htbo6sabiobj5euoeb/lib -L/opt/scorec/spack/install/linux-rhel7-x86_64/gcc-7.3.0/libiconv-1.15-hwi4p6xjukf73hopk6sg34z6v57fbghx/lib -L/opt/scorec/spack/install/linux-rhel7-x86_64/gcc-7.3.0/libpciaccess-0.13.5-gcqhf4ksz5ndlmj5aoydcpexg3sizi4s/lib -L/opt/scorec/spack/install/linux-rhel7-x86_64/gcc-7.3.0/libxml2-2.9.8-hcsmz5fu7cm7tfbx73f2o2xgo52wgtwt/lib -L/opt/scorec/spack/install/linux-rhel7-x86_64/gcc-7.3.0/metis-5.1.0-rn7k363kqpvbznmxb3jkkejwjcgfqpyu/lib -L/opt/scorec/spack/install/linux-rhel7-x86_64/gcc-7.3.0/zlib-1.2.11-ypve67owtmigrrbz3b76gg66xvihmhmx/lib -L/opt/scorec/spack/install/linux-rhel7-x86_64/gcc-rhel7_4.8.5/gcc-7.3.0-bt47fwrzijla4xzdx4o4au45yljqptsk/lib64 -L/opt/scorec/spack/install/linux-rhel7-x86_64/gcc-rhel7_4.8.5/gcc-7.3.0-bt47fwrzijla4xzdx4o4au45yljqptsk/lib -L/opt/scorec/spack/install/linux-rhel7-x86_64/gcc-rhel7_4.8.5/gcc-7.3.0-bt47fwrzijla4xzdx4o4au45yljqptsk/lib/gcc/x86_64-pc-linux-gnu/7.3.0/../../.. CMakeFiles/cmTC_45ac0.dir/CMakeCXXCompilerABI.cpp.o -lmpicxx -rpath /opt/scorec/spack/install/linux-rhel7-x86_64/gcc-7.3.0/mpich-3.3-diz4f6ieln25ouifyc7ndtqlfksom6nb/lib -lmpi -lstdc++ -lm -lgcc_s -lgcc -lc -lgcc_s -lgcc /opt/scorec/spack/install/linux-rhel7-x86_64/gcc-rhel7_4.8.5/gcc-7.3.0-bt47fwrzijla4xzdx4o4au45yljqptsk/lib/gcc/x86_64-pc-linux-gnu/7.3.0/crtend.o /lib/../lib64/crtn.o]
    arg [/opt/scorec/spack/install/linux-rhel7-x86_64/gcc-rhel7_4.8.5/gcc-7.3.0-bt47fwrzijla4xzdx4o4au45yljqptsk/libexec/gcc/x86_64-pc-linux-gnu/7.3.0/collect2] ==> ignore
    arg [-plugin] ==> ignore
    arg [/opt/scorec/spack/install/linux-rhel7-x86_64/gcc-rhel7_4.8.5/gcc-7.3.0-bt47fwrzijla4xzdx4o4au45yljqptsk/libexec/gcc/x86_64-pc-linux-gnu/7.3.0/liblto_plugin.so] ==> ignore
    arg [-plugin-opt=/opt/scorec/spack/install/linux-rhel7-x86_64/gcc-rhel7_4.8.5/gcc-7.3.0-bt47fwrzijla4xzdx4o4au45yljqptsk/libexec/gcc/x86_64-pc-linux-gnu/7.3.0/lto-wrapper] ==> ignore
    arg [-plugin-opt=-fresolution=/tmp/ccx4wE6W.res] ==> ignore
    arg [-plugin-opt=-pass-through=-lgcc_s] ==> ignore
    arg [-plugin-opt=-pass-through=-lgcc] ==> ignore
    arg [-plugin-opt=-pass-through=-lc] ==> ignore
    arg [-plugin-opt=-pass-through=-lgcc_s] ==> ignore
    arg [-plugin-opt=-pass-through=-lgcc] ==> ignore
    arg [-rpath] ==> ignore
    arg [/opt/scorec/spack/install/linux-rhel7-x86_64/gcc-rhel7_4.8.5/gcc-7.3.0-bt47fwrzijla4xzdx4o4au45yljqptsk/lib:/opt/scorec/spack/install/linux-rhel7-x86_64/gcc-rhel7_4.8.5/gcc-7.3.0-bt47fwrzijla4xzdx4o4au45yljqptsk/lib64] ==> ignore
    arg [--eh-frame-hdr] ==> ignore
    arg [-m] ==> ignore
    arg [elf_x86_64] ==> ignore
    arg [-export-dynamic] ==> ignore
    arg [-dynamic-linker] ==> ignore
    arg [/lib64/ld-linux-x86-64.so.2] ==> ignore
    arg [-o] ==> ignore
    arg [cmTC_45ac0] ==> ignore
    arg [/lib/../lib64/crt1.o] ==> ignore
    arg [/lib/../lib64/crti.o] ==> ignore
    arg [/opt/scorec/spack/install/linux-rhel7-x86_64/gcc-rhel7_4.8.5/gcc-7.3.0-bt47fwrzijla4xzdx4o4au45yljqptsk/lib/gcc/x86_64-pc-linux-gnu/7.3.0/crtbegin.o] ==> ignore
    arg [-L/opt/scorec/spack/install/linux-rhel7-x86_64/gcc-7.3.0/mpich-3.3-diz4f6ieln25ouifyc7ndtqlfksom6nb/lib] ==> dir [/opt/scorec/spack/install/linux-rhel7-x86_64/gcc-7.3.0/mpich-3.3-diz4f6ieln25ouifyc7ndtqlfksom6nb/lib]
    arg [-L/opt/scorec/spack/install/linux-rhel7-x86_64/gcc-rhel7_4.8.5/gcc-7.3.0-bt47fwrzijla4xzdx4o4au45yljqptsk/lib64/../lib64] ==> dir [/opt/scorec/spack/install/linux-rhel7-x86_64/gcc-rhel7_4.8.5/gcc-7.3.0-bt47fwrzijla4xzdx4o4au45yljqptsk/lib64/../lib64]
    arg [-L/opt/scorec/spack/install/linux-rhel7-x86_64/gcc-rhel7_4.8.5/gcc-7.3.0-bt47fwrzijla4xzdx4o4au45yljqptsk/lib/../lib64] ==> dir [/opt/scorec/spack/install/linux-rhel7-x86_64/gcc-rhel7_4.8.5/gcc-7.3.0-bt47fwrzijla4xzdx4o4au45yljqptsk/lib/../lib64]
    arg [-L/opt/scorec/spack/install/linux-rhel7-x86_64/gcc-rhel7_4.8.5/gcc-7.3.0-bt47fwrzijla4xzdx4o4au45yljqptsk/lib/gcc/x86_64-pc-linux-gnu/7.3.0] ==> dir [/opt/scorec/spack/install/linux-rhel7-x86_64/gcc-rhel7_4.8.5/gcc-7.3.0-bt47fwrzijla4xzdx4o4au45yljqptsk/lib/gcc/x86_64-pc-linux-gnu/7.3.0]
    arg [-L/opt/scorec/spack/install/linux-rhel7-x86_64/gcc-rhel7_4.8.5/gcc-7.3.0-bt47fwrzijla4xzdx4o4au45yljqptsk/lib/gcc/x86_64-pc-linux-gnu/7.3.0/../../../../lib64] ==> dir [/opt/scorec/spack/install/linux-rhel7-x86_64/gcc-rhel7_4.8.5/gcc-7.3.0-bt47fwrzijla4xzdx4o4au45yljqptsk/lib/gcc/x86_64-pc-linux-gnu/7.3.0/../../../../lib64]
    arg [-L/lib/../lib64] ==> dir [/lib/../lib64]
    arg [-L/usr/lib/../lib64] ==> dir [/usr/lib/../lib64]
    arg [-L/opt/scorec/spack/install/linux-rhel7-x86_64/gcc-7.3.0/pumi-develop-tml2cn2zjfnhdpmhydt2mf22rkb3fgud/lib] ==> dir [/opt/scorec/spack/install/linux-rhel7-x86_64/gcc-7.3.0/pumi-develop-tml2cn2zjfnhdpmhydt2mf22rkb3fgud/lib]
    arg [-L/opt/scorec/spack/install/linux-rhel7-x86_64/gcc-7.3.0/simmetrix-simmodsuite-12.0-190413-b3rjhyete24lzvt2dlc3xbk76p53laxi/lib] ==> dir [/opt/scorec/spack/install/linux-rhel7-x86_64/gcc-7.3.0/simmetrix-simmodsuite-12.0-190413-b3rjhyete24lzvt2dlc3xbk76p53laxi/lib]
    arg [-L/opt/scorec/spack/install/linux-rhel7-x86_64/gcc-7.3.0/netcdf-4.6.3-n6uagsdaydnxskwuhgjsvnmp6bddod7s/lib] ==> dir [/opt/scorec/spack/install/linux-rhel7-x86_64/gcc-7.3.0/netcdf-4.6.3-n6uagsdaydnxskwuhgjsvnmp6bddod7s/lib]
    arg [-L/opt/scorec/spack/install/linux-rhel7-x86_64/gcc-7.3.0/hdf5-1.10.5-fzrgrkhwelzwg2u662bocxmbelaqe5lp/lib] ==> dir [/opt/scorec/spack/install/linux-rhel7-x86_64/gcc-7.3.0/hdf5-1.10.5-fzrgrkhwelzwg2u662bocxmbelaqe5lp/lib]
    arg [-L/opt/scorec/spack/install/linux-rhel7-x86_64/gcc-7.3.0/zoltan-3.83-gx3prjrefsxj7yq23lgluflkjd2qixci/lib] ==> dir [/opt/scorec/spack/install/linux-rhel7-x86_64/gcc-7.3.0/zoltan-3.83-gx3prjrefsxj7yq23lgluflkjd2qixci/lib]
    arg [-L/opt/scorec/spack/install/linux-rhel7-x86_64/gcc-7.3.0/parmetis-4.0.3-iqptmd22kibq7j4txrvy4u6knhhn5ge2/lib] ==> dir [/opt/scorec/spack/install/linux-rhel7-x86_64/gcc-7.3.0/parmetis-4.0.3-iqptmd22kibq7j4txrvy4u6knhhn5ge2/lib]
    arg [-L/opt/scorec/spack/install/linux-rhel7-x86_64/gcc-7.3.0/mpich-3.3-diz4f6ieln25ouifyc7ndtqlfksom6nb/lib] ==> dir [/opt/scorec/spack/install/linux-rhel7-x86_64/gcc-7.3.0/mpich-3.3-diz4f6ieln25ouifyc7ndtqlfksom6nb/lib]
    arg [-L/opt/scorec/spack/install/linux-rhel7-x86_64/gcc-7.3.0/boost-1.69.0-sdetzl5m3afzwlyvrmvlfqeqwecczrvw/lib] ==> dir [/opt/scorec/spack/install/linux-rhel7-x86_64/gcc-7.3.0/boost-1.69.0-sdetzl5m3afzwlyvrmvlfqeqwecczrvw/lib]
    arg [-L/opt/scorec/spack/install/linux-rhel7-x86_64/gcc-7.3.0/openblas-0.3.5-7miavkpfij3m35htbo6sabiobj5euoeb/lib] ==> dir [/opt/scorec/spack/install/linux-rhel7-x86_64/gcc-7.3.0/openblas-0.3.5-7miavkpfij3m35htbo6sabiobj5euoeb/lib]
    arg [-L/opt/scorec/spack/install/linux-rhel7-x86_64/gcc-7.3.0/libiconv-1.15-hwi4p6xjukf73hopk6sg34z6v57fbghx/lib] ==> dir [/opt/scorec/spack/install/linux-rhel7-x86_64/gcc-7.3.0/libiconv-1.15-hwi4p6xjukf73hopk6sg34z6v57fbghx/lib]
    arg [-L/opt/scorec/spack/install/linux-rhel7-x86_64/gcc-7.3.0/libpciaccess-0.13.5-gcqhf4ksz5ndlmj5aoydcpexg3sizi4s/lib] ==> dir [/opt/scorec/spack/install/linux-rhel7-x86_64/gcc-7.3.0/libpciaccess-0.13.5-gcqhf4ksz5ndlmj5aoydcpexg3sizi4s/lib]
    arg [-L/opt/scorec/spack/install/linux-rhel7-x86_64/gcc-7.3.0/libxml2-2.9.8-hcsmz5fu7cm7tfbx73f2o2xgo52wgtwt/lib] ==> dir [/opt/scorec/spack/install/linux-rhel7-x86_64/gcc-7.3.0/libxml2-2.9.8-hcsmz5fu7cm7tfbx73f2o2xgo52wgtwt/lib]
    arg [-L/opt/scorec/spack/install/linux-rhel7-x86_64/gcc-7.3.0/metis-5.1.0-rn7k363kqpvbznmxb3jkkejwjcgfqpyu/lib] ==> dir [/opt/scorec/spack/install/linux-rhel7-x86_64/gcc-7.3.0/metis-5.1.0-rn7k363kqpvbznmxb3jkkejwjcgfqpyu/lib]
    arg [-L/opt/scorec/spack/install/linux-rhel7-x86_64/gcc-7.3.0/zlib-1.2.11-ypve67owtmigrrbz3b76gg66xvihmhmx/lib] ==> dir [/opt/scorec/spack/install/linux-rhel7-x86_64/gcc-7.3.0/zlib-1.2.11-ypve67owtmigrrbz3b76gg66xvihmhmx/lib]
    arg [-L/opt/scorec/spack/install/linux-rhel7-x86_64/gcc-rhel7_4.8.5/gcc-7.3.0-bt47fwrzijla4xzdx4o4au45yljqptsk/lib64] ==> dir [/opt/scorec/spack/install/linux-rhel7-x86_64/gcc-rhel7_4.8.5/gcc-7.3.0-bt47fwrzijla4xzdx4o4au45yljqptsk/lib64]
    arg [-L/opt/scorec/spack/install/linux-rhel7-x86_64/gcc-rhel7_4.8.5/gcc-7.3.0-bt47fwrzijla4xzdx4o4au45yljqptsk/lib] ==> dir [/opt/scorec/spack/install/linux-rhel7-x86_64/gcc-rhel7_4.8.5/gcc-7.3.0-bt47fwrzijla4xzdx4o4au45yljqptsk/lib]
    arg [-L/opt/scorec/spack/install/linux-rhel7-x86_64/gcc-rhel7_4.8.5/gcc-7.3.0-bt47fwrzijla4xzdx4o4au45yljqptsk/lib/gcc/x86_64-pc-linux-gnu/7.3.0/../../..] ==> dir [/opt/scorec/spack/install/linux-rhel7-x86_64/gcc-rhel7_4.8.5/gcc-7.3.0-bt47fwrzijla4xzdx4o4au45yljqptsk/lib/gcc/x86_64-pc-linux-gnu/7.3.0/../../..]
    arg [CMakeFiles/cmTC_45ac0.dir/CMakeCXXCompilerABI.cpp.o] ==> ignore
    arg [-lmpicxx] ==> lib [mpicxx]
    arg [-rpath] ==> ignore
    arg [/opt/scorec/spack/install/linux-rhel7-x86_64/gcc-7.3.0/mpich-3.3-diz4f6ieln25ouifyc7ndtqlfksom6nb/lib] ==> ignore
    arg [-lmpi] ==> lib [mpi]
    arg [-lstdc++] ==> lib [stdc++]
    arg [-lm] ==> lib [m]
    arg [-lgcc_s] ==> lib [gcc_s]
    arg [-lgcc] ==> lib [gcc]
    arg [-lc] ==> lib [c]
    arg [-lgcc_s] ==> lib [gcc_s]
    arg [-lgcc] ==> lib [gcc]
    arg [/opt/scorec/spack/install/linux-rhel7-x86_64/gcc-rhel7_4.8.5/gcc-7.3.0-bt47fwrzijla4xzdx4o4au45yljqptsk/lib/gcc/x86_64-pc-linux-gnu/7.3.0/crtend.o] ==> ignore
    arg [/lib/../lib64/crtn.o] ==> ignore
  collapse library dir [/opt/scorec/spack/install/linux-rhel7-x86_64/gcc-7.3.0/mpich-3.3-diz4f6ieln25ouifyc7ndtqlfksom6nb/lib] ==> [/opt/scorec/spack/install/linux-rhel7-x86_64/gcc-7.3.0/mpich-3.3-diz4f6ieln25ouifyc7ndtqlfksom6nb/lib]
  collapse library dir [/opt/scorec/spack/install/linux-rhel7-x86_64/gcc-rhel7_4.8.5/gcc-7.3.0-bt47fwrzijla4xzdx4o4au45yljqptsk/lib64/../lib64] ==> [/opt/scorec/spack/install/linux-rhel7-x86_64/gcc-rhel7_4.8.5/gcc-7.3.0-bt47fwrzijla4xzdx4o4au45yljqptsk/lib64]
  collapse library dir [/opt/scorec/spack/install/linux-rhel7-x86_64/gcc-rhel7_4.8.5/gcc-7.3.0-bt47fwrzijla4xzdx4o4au45yljqptsk/lib/../lib64] ==> [/opt/scorec/spack/install/linux-rhel7-x86_64/gcc-rhel7_4.8.5/gcc-7.3.0-bt47fwrzijla4xzdx4o4au45yljqptsk/lib64]
  collapse library dir [/opt/scorec/spack/install/linux-rhel7-x86_64/gcc-rhel7_4.8.5/gcc-7.3.0-bt47fwrzijla4xzdx4o4au45yljqptsk/lib/gcc/x86_64-pc-linux-gnu/7.3.0] ==> [/opt/scorec/spack/install/linux-rhel7-x86_64/gcc-rhel7_4.8.5/gcc-7.3.0-bt47fwrzijla4xzdx4o4au45yljqptsk/lib/gcc/x86_64-pc-linux-gnu/7.3.0]
  collapse library dir [/opt/scorec/spack/install/linux-rhel7-x86_64/gcc-rhel7_4.8.5/gcc-7.3.0-bt47fwrzijla4xzdx4o4au45yljqptsk/lib/gcc/x86_64-pc-linux-gnu/7.3.0/../../../../lib64] ==> [/opt/scorec/spack/install/linux-rhel7-x86_64/gcc-rhel7_4.8.5/gcc-7.3.0-bt47fwrzijla4xzdx4o4au45yljqptsk/lib64]
  collapse library dir [/lib/../lib64] ==> [/lib64]
  collapse library dir [/usr/lib/../lib64] ==> [/usr/lib64]
  collapse library dir [/opt/scorec/spack/install/linux-rhel7-x86_64/gcc-7.3.0/pumi-develop-tml2cn2zjfnhdpmhydt2mf22rkb3fgud/lib] ==> [/opt/scorec/spack/install/linux-rhel7-x86_64/gcc-7.3.0/pumi-develop-tml2cn2zjfnhdpmhydt2mf22rkb3fgud/lib]
  collapse library dir [/opt/scorec/spack/install/linux-rhel7-x86_64/gcc-7.3.0/simmetrix-simmodsuite-12.0-190413-b3rjhyete24lzvt2dlc3xbk76p53laxi/lib] ==> [/opt/scorec/spack/install/linux-rhel7-x86_64/gcc-7.3.0/simmetrix-simmodsuite-12.0-190413-b3rjhyete24lzvt2dlc3xbk76p53laxi/lib]
  collapse library dir [/opt/scorec/spack/install/linux-rhel7-x86_64/gcc-7.3.0/netcdf-4.6.3-n6uagsdaydnxskwuhgjsvnmp6bddod7s/lib] ==> [/opt/scorec/spack/install/linux-rhel7-x86_64/gcc-7.3.0/netcdf-4.6.3-n6uagsdaydnxskwuhgjsvnmp6bddod7s/lib]
  collapse library dir [/opt/scorec/spack/install/linux-rhel7-x86_64/gcc-7.3.0/hdf5-1.10.5-fzrgrkhwelzwg2u662bocxmbelaqe5lp/lib] ==> [/opt/scorec/spack/install/linux-rhel7-x86_64/gcc-7.3.0/hdf5-1.10.5-fzrgrkhwelzwg2u662bocxmbelaqe5lp/lib]
  collapse library dir [/opt/scorec/spack/install/linux-rhel7-x86_64/gcc-7.3.0/zoltan-3.83-gx3prjrefsxj7yq23lgluflkjd2qixci/lib] ==> [/opt/scorec/spack/install/linux-rhel7-x86_64/gcc-7.3.0/zoltan-3.83-gx3prjrefsxj7yq23lgluflkjd2qixci/lib]
  collapse library dir [/opt/scorec/spack/install/linux-rhel7-x86_64/gcc-7.3.0/parmetis-4.0.3-iqptmd22kibq7j4txrvy4u6knhhn5ge2/lib] ==> [/opt/scorec/spack/install/linux-rhel7-x86_64/gcc-7.3.0/parmetis-4.0.3-iqptmd22kibq7j4txrvy4u6knhhn5ge2/lib]
  collapse library dir [/opt/scorec/spack/install/linux-rhel7-x86_64/gcc-7.3.0/mpich-3.3-diz4f6ieln25ouifyc7ndtqlfksom6nb/lib] ==> [/opt/scorec/spack/install/linux-rhel7-x86_64/gcc-7.3.0/mpich-3.3-diz4f6ieln25ouifyc7ndtqlfksom6nb/lib]
  collapse library dir [/opt/scorec/spack/install/linux-rhel7-x86_64/gcc-7.3.0/boost-1.69.0-sdetzl5m3afzwlyvrmvlfqeqwecczrvw/lib] ==> [/opt/scorec/spack/install/linux-rhel7-x86_64/gcc-7.3.0/boost-1.69.0-sdetzl5m3afzwlyvrmvlfqeqwecczrvw/lib]
  collapse library dir [/opt/scorec/spack/install/linux-rhel7-x86_64/gcc-7.3.0/openblas-0.3.5-7miavkpfij3m35htbo6sabiobj5euoeb/lib] ==> [/opt/scorec/spack/install/linux-rhel7-x86_64/gcc-7.3.0/openblas-0.3.5-7miavkpfij3m35htbo6sabiobj5euoeb/lib]
  collapse library dir [/opt/scorec/spack/install/linux-rhel7-x86_64/gcc-7.3.0/libiconv-1.15-hwi4p6xjukf73hopk6sg34z6v57fbghx/lib] ==> [/opt/scorec/spack/install/linux-rhel7-x86_64/gcc-7.3.0/libiconv-1.15-hwi4p6xjukf73hopk6sg34z6v57fbghx/lib]
  collapse library dir [/opt/scorec/spack/install/linux-rhel7-x86_64/gcc-7.3.0/libpciaccess-0.13.5-gcqhf4ksz5ndlmj5aoydcpexg3sizi4s/lib] ==> [/opt/scorec/spack/install/linux-rhel7-x86_64/gcc-7.3.0/libpciaccess-0.13.5-gcqhf4ksz5ndlmj5aoydcpexg3sizi4s/lib]
  collapse library dir [/opt/scorec/spack/install/linux-rhel7-x86_64/gcc-7.3.0/libxml2-2.9.8-hcsmz5fu7cm7tfbx73f2o2xgo52wgtwt/lib] ==> [/opt/scorec/spack/install/linux-rhel7-x86_64/gcc-7.3.0/libxml2-2.9.8-hcsmz5fu7cm7tfbx73f2o2xgo52wgtwt/lib]
  collapse library dir [/opt/scorec/spack/install/linux-rhel7-x86_64/gcc-7.3.0/metis-5.1.0-rn7k363kqpvbznmxb3jkkejwjcgfqpyu/lib] ==> [/opt/scorec/spack/install/linux-rhel7-x86_64/gcc-7.3.0/metis-5.1.0-rn7k363kqpvbznmxb3jkkejwjcgfqpyu/lib]
  collapse library dir [/opt/scorec/spack/install/linux-rhel7-x86_64/gcc-7.3.0/zlib-1.2.11-ypve67owtmigrrbz3b76gg66xvihmhmx/lib] ==> [/opt/scorec/spack/install/linux-rhel7-x86_64/gcc-7.3.0/zlib-1.2.11-ypve67owtmigrrbz3b76gg66xvihmhmx/lib]
  collapse library dir [/opt/scorec/spack/install/linux-rhel7-x86_64/gcc-rhel7_4.8.5/gcc-7.3.0-bt47fwrzijla4xzdx4o4au45yljqptsk/lib64] ==> [/opt/scorec/spack/install/linux-rhel7-x86_64/gcc-rhel7_4.8.5/gcc-7.3.0-bt47fwrzijla4xzdx4o4au45yljqptsk/lib64]
  collapse library dir [/opt/scorec/spack/install/linux-rhel7-x86_64/gcc-rhel7_4.8.5/gcc-7.3.0-bt47fwrzijla4xzdx4o4au45yljqptsk/lib] ==> [/opt/scorec/spack/install/linux-rhel7-x86_64/gcc-rhel7_4.8.5/gcc-7.3.0-bt47fwrzijla4xzdx4o4au45yljqptsk/lib]
  collapse library dir [/opt/scorec/spack/install/linux-rhel7-x86_64/gcc-rhel7_4.8.5/gcc-7.3.0-bt47fwrzijla4xzdx4o4au45yljqptsk/lib/gcc/x86_64-pc-linux-gnu/7.3.0/../../..] ==> [/opt/scorec/spack/install/linux-rhel7-x86_64/gcc-rhel7_4.8.5/gcc-7.3.0-bt47fwrzijla4xzdx4o4au45yljqptsk/lib]
  implicit libs: [mpicxx;mpi;stdc++;m;gcc_s;gcc;c;gcc_s;gcc]
  implicit dirs: [/opt/scorec/spack/install/linux-rhel7-x86_64/gcc-7.3.0/mpich-3.3-diz4f6ieln25ouifyc7ndtqlfksom6nb/lib;/opt/scorec/spack/install/linux-rhel7-x86_64/gcc-rhel7_4.8.5/gcc-7.3.0-bt47fwrzijla4xzdx4o4au45yljqptsk/lib64;/opt/scorec/spack/install/linux-rhel7-x86_64/gcc-rhel7_4.8.5/gcc-7.3.0-bt47fwrzijla4xzdx4o4au45yljqptsk/lib/gcc/x86_64-pc-linux-gnu/7.3.0;/lib64;/usr/lib64;/opt/scorec/spack/install/linux-rhel7-x86_64/gcc-7.3.0/pumi-develop-tml2cn2zjfnhdpmhydt2mf22rkb3fgud/lib;/opt/scorec/spack/install/linux-rhel7-x86_64/gcc-7.3.0/simmetrix-simmodsuite-12.0-190413-b3rjhyete24lzvt2dlc3xbk76p53laxi/lib;/opt/scorec/spack/install/linux-rhel7-x86_64/gcc-7.3.0/netcdf-4.6.3-n6uagsdaydnxskwuhgjsvnmp6bddod7s/lib;/opt/scorec/spack/install/linux-rhel7-x86_64/gcc-7.3.0/hdf5-1.10.5-fzrgrkhwelzwg2u662bocxmbelaqe5lp/lib;/opt/scorec/spack/install/linux-rhel7-x86_64/gcc-7.3.0/zoltan-3.83-gx3prjrefsxj7yq23lgluflkjd2qixci/lib;/opt/scorec/spack/install/linux-rhel7-x86_64/gcc-7.3.0/parmetis-4.0.3-iqptmd22kibq7j4txrvy4u6knhhn5ge2/lib;/opt/scorec/spack/install/linux-rhel7-x86_64/gcc-7.3.0/boost-1.69.0-sdetzl5m3afzwlyvrmvlfqeqwecczrvw/lib;/opt/scorec/spack/install/linux-rhel7-x86_64/gcc-7.3.0/openblas-0.3.5-7miavkpfij3m35htbo6sabiobj5euoeb/lib;/opt/scorec/spack/install/linux-rhel7-x86_64/gcc-7.3.0/libiconv-1.15-hwi4p6xjukf73hopk6sg34z6v57fbghx/lib;/opt/scorec/spack/install/linux-rhel7-x86_64/gcc-7.3.0/libpciaccess-0.13.5-gcqhf4ksz5ndlmj5aoydcpexg3sizi4s/lib;/opt/scorec/spack/install/linux-rhel7-x86_64/gcc-7.3.0/libxml2-2.9.8-hcsmz5fu7cm7tfbx73f2o2xgo52wgtwt/lib;/opt/scorec/spack/install/linux-rhel7-x86_64/gcc-7.3.0/metis-5.1.0-rn7k363kqpvbznmxb3jkkejwjcgfqpyu/lib;/opt/scorec/spack/install/linux-rhel7-x86_64/gcc-7.3.0/zlib-1.2.11-ypve67owtmigrrbz3b76gg66xvihmhmx/lib;/opt/scorec/spack/install/linux-rhel7-x86_64/gcc-rhel7_4.8.5/gcc-7.3.0-bt47fwrzijla4xzdx4o4au45yljqptsk/lib]
  implicit fwks: []




Detecting CXX [-std=c++1z] compiler features compiled with the following output:
Change Dir: /lore/hur3/June_19/UpdateTcond/testAlternating/SurfaceUpdate/build/CMakeFiles/CMakeTmp

Run Build Command(s):/usr/bin/gmake cmTC_ec1bc/fast 
/usr/bin/gmake -f CMakeFiles/cmTC_ec1bc.dir/build.make CMakeFiles/cmTC_ec1bc.dir/build
gmake[1]: Entering directory `/lore/hur3/June_19/UpdateTcond/testAlternating/SurfaceUpdate/build/CMakeFiles/CMakeTmp'
Building CXX object CMakeFiles/cmTC_ec1bc.dir/feature_tests.cxx.o
/opt/scorec/spack/install/linux-rhel7-x86_64/gcc-7.3.0/mpich-3.3-diz4f6ieln25ouifyc7ndtqlfksom6nb/bin/mpicxx    -g -O2    -std=c++1z -o CMakeFiles/cmTC_ec1bc.dir/feature_tests.cxx.o -c /lore/hur3/June_19/UpdateTcond/testAlternating/SurfaceUpdate/build/CMakeFiles/feature_tests.cxx
Linking CXX executable cmTC_ec1bc
/opt/scorec/spack/install/linux-rhel7-x86_64/gcc-7.3.0/cmake-3.14.1-hd7d4kuybh47lifmrxkywb2ybikrg4y3/bin/cmake -E cmake_link_script CMakeFiles/cmTC_ec1bc.dir/link.txt --verbose=1
/opt/scorec/spack/install/linux-rhel7-x86_64/gcc-7.3.0/mpich-3.3-diz4f6ieln25ouifyc7ndtqlfksom6nb/bin/mpicxx  -g -O2     -rdynamic CMakeFiles/cmTC_ec1bc.dir/feature_tests.cxx.o  -o cmTC_ec1bc 
gmake[1]: Leaving directory `/lore/hur3/June_19/UpdateTcond/testAlternating/SurfaceUpdate/build/CMakeFiles/CMakeTmp'


    Feature record: CXX_FEATURE:1cxx_aggregate_default_initializers
    Feature record: CXX_FEATURE:1cxx_alias_templates
    Feature record: CXX_FEATURE:1cxx_alignas
    Feature record: CXX_FEATURE:1cxx_alignof
    Feature record: CXX_FEATURE:1cxx_attributes
    Feature record: CXX_FEATURE:1cxx_attribute_deprecated
    Feature record: CXX_FEATURE:1cxx_auto_type
    Feature record: CXX_FEATURE:1cxx_binary_literals
    Feature record: CXX_FEATURE:1cxx_constexpr
    Feature record: CXX_FEATURE:1cxx_contextual_conversions
    Feature record: CXX_FEATURE:1cxx_decltype
    Feature record: CXX_FEATURE:1cxx_decltype_auto
    Feature record: CXX_FEATURE:1cxx_decltype_incomplete_return_types
    Feature record: CXX_FEATURE:1cxx_default_function_template_args
    Feature record: CXX_FEATURE:1cxx_defaulted_functions
    Feature record: CXX_FEATURE:1cxx_defaulted_move_initializers
    Feature record: CXX_FEATURE:1cxx_delegating_constructors
    Feature record: CXX_FEATURE:1cxx_deleted_functions
    Feature record: CXX_FEATURE:1cxx_digit_separators
    Feature record: CXX_FEATURE:1cxx_enum_forward_declarations
    Feature record: CXX_FEATURE:1cxx_explicit_conversions
    Feature record: CXX_FEATURE:1cxx_extended_friend_declarations
    Feature record: CXX_FEATURE:1cxx_extern_templates
    Feature record: CXX_FEATURE:1cxx_final
    Feature record: CXX_FEATURE:1cxx_func_identifier
    Feature record: CXX_FEATURE:1cxx_generalized_initializers
    Feature record: CXX_FEATURE:1cxx_generic_lambdas
    Feature record: CXX_FEATURE:1cxx_inheriting_constructors
    Feature record: CXX_FEATURE:1cxx_inline_namespaces
    Feature record: CXX_FEATURE:1cxx_lambdas
    Feature record: CXX_FEATURE:1cxx_lambda_init_captures
    Feature record: CXX_FEATURE:1cxx_local_type_template_args
    Feature record: CXX_FEATURE:1cxx_long_long_type
    Feature record: CXX_FEATURE:1cxx_noexcept
    Feature record: CXX_FEATURE:1cxx_nonstatic_member_init
    Feature record: CXX_FEATURE:1cxx_nullptr
    Feature record: CXX_FEATURE:1cxx_override
    Feature record: CXX_FEATURE:1cxx_range_for
    Feature record: CXX_FEATURE:1cxx_raw_string_literals
    Feature record: CXX_FEATURE:1cxx_reference_qualified_functions
    Feature record: CXX_FEATURE:1cxx_relaxed_constexpr
    Feature record: CXX_FEATURE:1cxx_return_type_deduction
    Feature record: CXX_FEATURE:1cxx_right_angle_brackets
    Feature record: CXX_FEATURE:1cxx_rvalue_references
    Feature record: CXX_FEATURE:1cxx_sizeof_member
    Feature record: CXX_FEATURE:1cxx_static_assert
    Feature record: CXX_FEATURE:1cxx_strong_enums
    Feature record: CXX_FEATURE:1cxx_template_template_parameters
    Feature record: CXX_FEATURE:1cxx_thread_local
    Feature record: CXX_FEATURE:1cxx_trailing_return_types
    Feature record: CXX_FEATURE:1cxx_unicode_literals
    Feature record: CXX_FEATURE:1cxx_uniform_initialization
    Feature record: CXX_FEATURE:1cxx_unrestricted_unions
    Feature record: CXX_FEATURE:1cxx_user_literals
    Feature record: CXX_FEATURE:1cxx_variable_templates
    Feature record: CXX_FEATURE:1cxx_variadic_macros
    Feature record: CXX_FEATURE:1cxx_variadic_templates


Detecting CXX [-std=c++14] compiler features compiled with the following output:
Change Dir: /lore/hur3/June_19/UpdateTcond/testAlternating/SurfaceUpdate/build/CMakeFiles/CMakeTmp

Run Build Command(s):/usr/bin/gmake cmTC_a8095/fast 
/usr/bin/gmake -f CMakeFiles/cmTC_a8095.dir/build.make CMakeFiles/cmTC_a8095.dir/build
gmake[1]: Entering directory `/lore/hur3/June_19/UpdateTcond/testAlternating/SurfaceUpdate/build/CMakeFiles/CMakeTmp'
Building CXX object CMakeFiles/cmTC_a8095.dir/feature_tests.cxx.o
/opt/scorec/spack/install/linux-rhel7-x86_64/gcc-7.3.0/mpich-3.3-diz4f6ieln25ouifyc7ndtqlfksom6nb/bin/mpicxx    -g -O2    -std=c++14 -o CMakeFiles/cmTC_a8095.dir/feature_tests.cxx.o -c /lore/hur3/June_19/UpdateTcond/testAlternating/SurfaceUpdate/build/CMakeFiles/feature_tests.cxx
Linking CXX executable cmTC_a8095
/opt/scorec/spack/install/linux-rhel7-x86_64/gcc-7.3.0/cmake-3.14.1-hd7d4kuybh47lifmrxkywb2ybikrg4y3/bin/cmake -E cmake_link_script CMakeFiles/cmTC_a8095.dir/link.txt --verbose=1
/opt/scorec/spack/install/linux-rhel7-x86_64/gcc-7.3.0/mpich-3.3-diz4f6ieln25ouifyc7ndtqlfksom6nb/bin/mpicxx  -g -O2     -rdynamic CMakeFiles/cmTC_a8095.dir/feature_tests.cxx.o  -o cmTC_a8095 
gmake[1]: Leaving directory `/lore/hur3/June_19/UpdateTcond/testAlternating/SurfaceUpdate/build/CMakeFiles/CMakeTmp'


    Feature record: CXX_FEATURE:1cxx_aggregate_default_initializers
    Feature record: CXX_FEATURE:1cxx_alias_templates
    Feature record: CXX_FEATURE:1cxx_alignas
    Feature record: CXX_FEATURE:1cxx_alignof
    Feature record: CXX_FEATURE:1cxx_attributes
    Feature record: CXX_FEATURE:1cxx_attribute_deprecated
    Feature record: CXX_FEATURE:1cxx_auto_type
    Feature record: CXX_FEATURE:1cxx_binary_literals
    Feature record: CXX_FEATURE:1cxx_constexpr
    Feature record: CXX_FEATURE:1cxx_contextual_conversions
    Feature record: CXX_FEATURE:1cxx_decltype
    Feature record: CXX_FEATURE:1cxx_decltype_auto
    Feature record: CXX_FEATURE:1cxx_decltype_incomplete_return_types
    Feature record: CXX_FEATURE:1cxx_default_function_template_args
    Feature record: CXX_FEATURE:1cxx_defaulted_functions
    Feature record: CXX_FEATURE:1cxx_defaulted_move_initializers
    Feature record: CXX_FEATURE:1cxx_delegating_constructors
    Feature record: CXX_FEATURE:1cxx_deleted_functions
    Feature record: CXX_FEATURE:1cxx_digit_separators
    Feature record: CXX_FEATURE:1cxx_enum_forward_declarations
    Feature record: CXX_FEATURE:1cxx_explicit_conversions
    Feature record: CXX_FEATURE:1cxx_extended_friend_declarations
    Feature record: CXX_FEATURE:1cxx_extern_templates
    Feature record: CXX_FEATURE:1cxx_final
    Feature record: CXX_FEATURE:1cxx_func_identifier
    Feature record: CXX_FEATURE:1cxx_generalized_initializers
    Feature record: CXX_FEATURE:1cxx_generic_lambdas
    Feature record: CXX_FEATURE:1cxx_inheriting_constructors
    Feature record: CXX_FEATURE:1cxx_inline_namespaces
    Feature record: CXX_FEATURE:1cxx_lambdas
    Feature record: CXX_FEATURE:1cxx_lambda_init_captures
    Feature record: CXX_FEATURE:1cxx_local_type_template_args
    Feature record: CXX_FEATURE:1cxx_long_long_type
    Feature record: CXX_FEATURE:1cxx_noexcept
    Feature record: CXX_FEATURE:1cxx_nonstatic_member_init
    Feature record: CXX_FEATURE:1cxx_nullptr
    Feature record: CXX_FEATURE:1cxx_override
    Feature record: CXX_FEATURE:1cxx_range_for
    Feature record: CXX_FEATURE:1cxx_raw_string_literals
    Feature record: CXX_FEATURE:1cxx_reference_qualified_functions
    Feature record: CXX_FEATURE:1cxx_relaxed_constexpr
    Feature record: CXX_FEATURE:1cxx_return_type_deduction
    Feature record: CXX_FEATURE:1cxx_right_angle_brackets
    Feature record: CXX_FEATURE:1cxx_rvalue_references
    Feature record: CXX_FEATURE:1cxx_sizeof_member
    Feature record: CXX_FEATURE:1cxx_static_assert
    Feature record: CXX_FEATURE:1cxx_strong_enums
    Feature record: CXX_FEATURE:1cxx_template_template_parameters
    Feature record: CXX_FEATURE:1cxx_thread_local
    Feature record: CXX_FEATURE:1cxx_trailing_return_types
    Feature record: CXX_FEATURE:1cxx_unicode_literals
    Feature record: CXX_FEATURE:1cxx_uniform_initialization
    Feature record: CXX_FEATURE:1cxx_unrestricted_unions
    Feature record: CXX_FEATURE:1cxx_user_literals
    Feature record: CXX_FEATURE:1cxx_variable_templates
    Feature record: CXX_FEATURE:1cxx_variadic_macros
    Feature record: CXX_FEATURE:1cxx_variadic_templates


Detecting CXX [-std=c++11] compiler features compiled with the following output:
Change Dir: /lore/hur3/June_19/UpdateTcond/testAlternating/SurfaceUpdate/build/CMakeFiles/CMakeTmp

Run Build Command(s):/usr/bin/gmake cmTC_e69b3/fast 
/usr/bin/gmake -f CMakeFiles/cmTC_e69b3.dir/build.make CMakeFiles/cmTC_e69b3.dir/build
gmake[1]: Entering directory `/lore/hur3/June_19/UpdateTcond/testAlternating/SurfaceUpdate/build/CMakeFiles/CMakeTmp'
Building CXX object CMakeFiles/cmTC_e69b3.dir/feature_tests.cxx.o
/opt/scorec/spack/install/linux-rhel7-x86_64/gcc-7.3.0/mpich-3.3-diz4f6ieln25ouifyc7ndtqlfksom6nb/bin/mpicxx    -g -O2    -std=c++11 -o CMakeFiles/cmTC_e69b3.dir/feature_tests.cxx.o -c /lore/hur3/June_19/UpdateTcond/testAlternating/SurfaceUpdate/build/CMakeFiles/feature_tests.cxx
Linking CXX executable cmTC_e69b3
/opt/scorec/spack/install/linux-rhel7-x86_64/gcc-7.3.0/cmake-3.14.1-hd7d4kuybh47lifmrxkywb2ybikrg4y3/bin/cmake -E cmake_link_script CMakeFiles/cmTC_e69b3.dir/link.txt --verbose=1
/opt/scorec/spack/install/linux-rhel7-x86_64/gcc-7.3.0/mpich-3.3-diz4f6ieln25ouifyc7ndtqlfksom6nb/bin/mpicxx  -g -O2     -rdynamic CMakeFiles/cmTC_e69b3.dir/feature_tests.cxx.o  -o cmTC_e69b3 
gmake[1]: Leaving directory `/lore/hur3/June_19/UpdateTcond/testAlternating/SurfaceUpdate/build/CMakeFiles/CMakeTmp'


    Feature record: CXX_FEATURE:0cxx_aggregate_default_initializers
    Feature record: CXX_FEATURE:1cxx_alias_templates
    Feature record: CXX_FEATURE:1cxx_alignas
    Feature record: CXX_FEATURE:1cxx_alignof
    Feature record: CXX_FEATURE:1cxx_attributes
    Feature record: CXX_FEATURE:0cxx_attribute_deprecated
    Feature record: CXX_FEATURE:1cxx_auto_type
    Feature record: CXX_FEATURE:0cxx_binary_literals
    Feature record: CXX_FEATURE:1cxx_constexpr
    Feature record: CXX_FEATURE:0cxx_contextual_conversions
    Feature record: CXX_FEATURE:1cxx_decltype
    Feature record: CXX_FEATURE:0cxx_decltype_auto
    Feature record: CXX_FEATURE:1cxx_decltype_incomplete_return_types
    Feature record: CXX_FEATURE:1cxx_default_function_template_args
    Feature record: CXX_FEATURE:1cxx_defaulted_functions
    Feature record: CXX_FEATURE:1cxx_defaulted_move_initializers
    Feature record: CXX_FEATURE:1cxx_delegating_constructors
    Feature record: CXX_FEATURE:1cxx_deleted_functions
    Feature record: CXX_FEATURE:0cxx_digit_separators
    Feature record: CXX_FEATURE:1cxx_enum_forward_declarations
    Feature record: CXX_FEATURE:1cxx_explicit_conversions
    Feature record: CXX_FEATURE:1cxx_extended_friend_declarations
    Feature record: CXX_FEATURE:1cxx_extern_templates
    Feature record: CXX_FEATURE:1cxx_final
    Feature record: CXX_FEATURE:1cxx_func_identifier
    Feature record: CXX_FEATURE:1cxx_generalized_initializers
    Feature record: CXX_FEATURE:0cxx_generic_lambdas
    Feature record: CXX_FEATURE:1cxx_inheriting_constructors
    Feature record: CXX_FEATURE:1cxx_inline_namespaces
    Feature record: CXX_FEATURE:1cxx_lambdas
    Feature record: CXX_FEATURE:0cxx_lambda_init_captures
    Feature record: CXX_FEATURE:1cxx_local_type_template_args
    Feature record: CXX_FEATURE:1cxx_long_long_type
    Feature record: CXX_FEATURE:1cxx_noexcept
    Feature record: CXX_FEATURE:1cxx_nonstatic_member_init
    Feature record: CXX_FEATURE:1cxx_nullptr
    Feature record: CXX_FEATURE:1cxx_override
    Feature record: CXX_FEATURE:1cxx_range_for
    Feature record: CXX_FEATURE:1cxx_raw_string_literals
    Feature record: CXX_FEATURE:1cxx_reference_qualified_functions
    Feature record: CXX_FEATURE:0cxx_relaxed_constexpr
    Feature record: CXX_FEATURE:0cxx_return_type_deduction
    Feature record: CXX_FEATURE:1cxx_right_angle_brackets
    Feature record: CXX_FEATURE:1cxx_rvalue_references
    Feature record: CXX_FEATURE:1cxx_sizeof_member
    Feature record: CXX_FEATURE:1cxx_static_assert
    Feature record: CXX_FEATURE:1cxx_strong_enums
    Feature record: CXX_FEATURE:1cxx_template_template_parameters
    Feature record: CXX_FEATURE:1cxx_thread_local
    Feature record: CXX_FEATURE:1cxx_trailing_return_types
    Feature record: CXX_FEATURE:1cxx_unicode_literals
    Feature record: CXX_FEATURE:1cxx_uniform_initialization
    Feature record: CXX_FEATURE:1cxx_unrestricted_unions
    Feature record: CXX_FEATURE:1cxx_user_literals
    Feature record: CXX_FEATURE:0cxx_variable_templates
    Feature record: CXX_FEATURE:1cxx_variadic_macros
    Feature record: CXX_FEATURE:1cxx_variadic_templates


Detecting CXX [-std=c++98] compiler features compiled with the following output:
Change Dir: /lore/hur3/June_19/UpdateTcond/testAlternating/SurfaceUpdate/build/CMakeFiles/CMakeTmp

Run Build Command(s):/usr/bin/gmake cmTC_9533e/fast 
/usr/bin/gmake -f CMakeFiles/cmTC_9533e.dir/build.make CMakeFiles/cmTC_9533e.dir/build
gmake[1]: Entering directory `/lore/hur3/June_19/UpdateTcond/testAlternating/SurfaceUpdate/build/CMakeFiles/CMakeTmp'
Building CXX object CMakeFiles/cmTC_9533e.dir/feature_tests.cxx.o
/opt/scorec/spack/install/linux-rhel7-x86_64/gcc-7.3.0/mpich-3.3-diz4f6ieln25ouifyc7ndtqlfksom6nb/bin/mpicxx    -g -O2    -std=c++98 -o CMakeFiles/cmTC_9533e.dir/feature_tests.cxx.o -c /lore/hur3/June_19/UpdateTcond/testAlternating/SurfaceUpdate/build/CMakeFiles/feature_tests.cxx
Linking CXX executable cmTC_9533e
/opt/scorec/spack/install/linux-rhel7-x86_64/gcc-7.3.0/cmake-3.14.1-hd7d4kuybh47lifmrxkywb2ybikrg4y3/bin/cmake -E cmake_link_script CMakeFiles/cmTC_9533e.dir/link.txt --verbose=1
/opt/scorec/spack/install/linux-rhel7-x86_64/gcc-7.3.0/mpich-3.3-diz4f6ieln25ouifyc7ndtqlfksom6nb/bin/mpicxx  -g -O2     -rdynamic CMakeFiles/cmTC_9533e.dir/feature_tests.cxx.o  -o cmTC_9533e 
gmake[1]: Leaving directory `/lore/hur3/June_19/UpdateTcond/testAlternating/SurfaceUpdate/build/CMakeFiles/CMakeTmp'


    Feature record: CXX_FEATURE:0cxx_aggregate_default_initializers
    Feature record: CXX_FEATURE:0cxx_alias_templates
    Feature record: CXX_FEATURE:0cxx_alignas
    Feature record: CXX_FEATURE:0cxx_alignof
    Feature record: CXX_FEATURE:0cxx_attributes
    Feature record: CXX_FEATURE:0cxx_attribute_deprecated
    Feature record: CXX_FEATURE:0cxx_auto_type
    Feature record: CXX_FEATURE:0cxx_binary_literals
    Feature record: CXX_FEATURE:0cxx_constexpr
    Feature record: CXX_FEATURE:0cxx_contextual_conversions
    Feature record: CXX_FEATURE:0cxx_decltype
    Feature record: CXX_FEATURE:0cxx_decltype_auto
    Feature record: CXX_FEATURE:0cxx_decltype_incomplete_return_types
    Feature record: CXX_FEATURE:0cxx_default_function_template_args
    Feature record: CXX_FEATURE:0cxx_defaulted_functions
    Feature record: CXX_FEATURE:0cxx_defaulted_move_initializers
    Feature record: CXX_FEATURE:0cxx_delegating_constructors
    Feature record: CXX_FEATURE:0cxx_deleted_functions
    Feature record: CXX_FEATURE:0cxx_digit_separators
    Feature record: CXX_FEATURE:0cxx_enum_forward_declarations
    Feature record: CXX_FEATURE:0cxx_explicit_conversions
    Feature record: CXX_FEATURE:0cxx_extended_friend_declarations
    Feature record: CXX_FEATURE:0cxx_extern_templates
    Feature record: CXX_FEATURE:0cxx_final
    Feature record: CXX_FEATURE:0cxx_func_identifier
    Feature record: CXX_FEATURE:0cxx_generalized_initializers
    Feature record: CXX_FEATURE:0cxx_generic_lambdas
    Feature record: CXX_FEATURE:0cxx_inheriting_constructors
    Feature record: CXX_FEATURE:0cxx_inline_namespaces
    Feature record: CXX_FEATURE:0cxx_lambdas
    Feature record: CXX_FEATURE:0cxx_lambda_init_captures
    Feature record: CXX_FEATURE:0cxx_local_type_template_args
    Feature record: CXX_FEATURE:0cxx_long_long_type
    Feature record: CXX_FEATURE:0cxx_noexcept
    Feature record: CXX_FEATURE:0cxx_nonstatic_member_init
    Feature record: CXX_FEATURE:0cxx_nullptr
    Feature record: CXX_FEATURE:0cxx_override
    Feature record: CXX_FEATURE:0cxx_range_for
    Feature record: CXX_FEATURE:0cxx_raw_string_literals
    Feature record: CXX_FEATURE:0cxx_reference_qualified_functions
    Feature record: CXX_FEATURE:0cxx_relaxed_constexpr
    Feature record: CXX_FEATURE:0cxx_return_type_deduction
    Feature record: CXX_FEATURE:0cxx_right_angle_brackets
    Feature record: CXX_FEATURE:0cxx_rvalue_references
    Feature record: CXX_FEATURE:0cxx_sizeof_member
    Feature record: CXX_FEATURE:0cxx_static_assert
    Feature record: CXX_FEATURE:0cxx_strong_enums
    Feature record: CXX_FEATURE:1cxx_template_template_parameters
    Feature record: CXX_FEATURE:0cxx_thread_local
    Feature record: CXX_FEATURE:0cxx_trailing_return_types
    Feature record: CXX_FEATURE:0cxx_unicode_literals
    Feature record: CXX_FEATURE:0cxx_uniform_initialization
    Feature record: CXX_FEATURE:0cxx_unrestricted_unions
    Feature record: CXX_FEATURE:0cxx_user_literals
    Feature record: CXX_FEATURE:0cxx_variable_templates
    Feature record: CXX_FEATURE:0cxx_variadic_macros
    Feature record: CXX_FEATURE:0cxx_variadic_templates
